TN:
SF:src\runtime\player-core\region-viewport.ts
FN:40,__name
FN:40,resolveInitialRegionViewport
FNF:2
FNH:2
FNDA:1,__name
FNDA:3,resolveInitialRegionViewport
DA:1,1
DA:2,1
DA:3,1
DA:4,1
DA:5,1
DA:6,1
DA:7,1
DA:8,1
DA:9,1
DA:10,1
DA:11,1
DA:12,1
DA:13,1
DA:14,1
DA:15,1
DA:16,1
DA:17,1
DA:18,1
DA:19,1
DA:20,1
DA:21,1
DA:22,1
DA:23,1
DA:24,1
DA:25,1
DA:26,1
DA:27,1
DA:28,1
DA:29,1
DA:30,1
DA:31,1
DA:32,1
DA:33,1
DA:34,1
DA:35,1
DA:36,1
DA:37,1
DA:38,1
DA:39,1
DA:40,1
DA:41,3
DA:42,3
DA:43,3
DA:44,3
DA:45,3
DA:46,3
DA:47,3
DA:48,3
DA:49,3
DA:50,3
DA:51,3
DA:52,1
DA:53,1
DA:54,1
DA:55,1
DA:56,1
DA:57,1
DA:58,1
DA:59,1
DA:60,1
DA:61,1
DA:62,1
DA:63,1
DA:64,3
DA:65,3
DA:66,2
DA:67,2
DA:68,2
DA:69,2
DA:70,2
DA:71,2
DA:72,2
DA:73,2
DA:74,2
DA:75,2
DA:76,2
DA:77,2
DA:78,2
DA:79,2
DA:80,2
DA:81,2
DA:82,1
DA:83,1
DA:84,1
DA:85,1
DA:86,1
DA:87,1
DA:88,1
DA:89,1
DA:90,1
DA:91,1
DA:92,1
DA:93,1
DA:94,3
DA:95,0
DA:96,0
DA:97,0
DA:98,0
DA:99,0
DA:100,0
DA:101,3
DA:102,3
DA:103,2
DA:104,2
DA:105,2
DA:106,2
DA:107,2
DA:108,2
DA:109,2
DA:110,2
DA:111,2
DA:112,2
DA:113,2
DA:114,2
DA:115,2
DA:116,2
DA:117,3
LF:117
LH:111
BRDA:40,0,0,1
BRDA:40,1,0,3
BRDA:51,2,0,1
BRDA:65,3,0,2
BRDA:81,4,0,1
BRDA:94,5,0,0
BRDA:102,6,0,2
BRF:7
BRH:6
end_of_record
TN:
SF:src\runtime\player-core\surface-camera.ts
FN:43,__name
FN:43,clamp
FN:47,roundCamera
FN:55,clampSurfaceCamera
FN:86,resolveSurfaceCameraLayout
FN:124,projectSurfacePoint
FN:134,getVisibleSurfaceLayers
FN:142,isThresholdVisible
FN:150,getVisibleSurfaceCards
FN:162,getVisibleSurfaceHotspots
FN:174,resolveVisibleSurfaceAnnotations
FN:187,interpolateCamera
FNF:12
FNH:10
FNDA:11,__name
FNDA:9,clamp
FNDA:3,roundCamera
FNDA:3,clampSurfaceCamera
FNDA:2,resolveSurfaceCameraLayout
FNDA:1,projectSurfacePoint
FNDA:3,getVisibleSurfaceLayers
FNDA:10,isThresholdVisible
FNDA:2,getVisibleSurfaceCards
FNDA:0,getVisibleSurfaceHotspots
FNDA:2,resolveVisibleSurfaceAnnotations
FNDA:0,interpolateCamera
DA:1,1
DA:2,1
DA:3,1
DA:4,1
DA:5,1
DA:6,1
DA:7,1
DA:8,1
DA:9,1
DA:10,1
DA:11,1
DA:12,1
DA:13,1
DA:14,1
DA:15,1
DA:16,1
DA:17,1
DA:18,1
DA:19,1
DA:20,1
DA:21,1
DA:22,1
DA:23,1
DA:24,1
DA:25,1
DA:26,1
DA:27,1
DA:28,1
DA:29,1
DA:30,1
DA:31,1
DA:32,1
DA:33,1
DA:34,1
DA:35,1
DA:36,1
DA:37,1
DA:38,1
DA:39,1
DA:40,1
DA:41,1
DA:42,1
DA:43,9
DA:44,9
DA:45,9
DA:46,1
DA:47,3
DA:48,3
DA:49,3
DA:50,3
DA:51,3
DA:52,3
DA:53,3
DA:54,1
DA:55,1
DA:56,3
DA:57,3
DA:58,3
DA:59,3
DA:60,3
DA:61,3
DA:62,3
DA:63,3
DA:64,3
DA:65,3
DA:66,3
DA:67,3
DA:68,3
DA:69,3
DA:70,3
DA:71,3
DA:72,1
DA:73,1
DA:74,1
DA:75,3
DA:76,3
DA:77,3
DA:78,3
DA:79,3
DA:80,3
DA:81,3
DA:82,3
DA:83,3
DA:84,3
DA:85,1
DA:86,1
DA:87,2
DA:88,2
DA:89,2
DA:90,2
DA:91,2
DA:92,2
DA:93,2
DA:94,2
DA:95,2
DA:96,2
DA:97,2
DA:98,1
DA:99,1
DA:100,1
DA:101,2
DA:102,2
DA:103,2
DA:104,2
DA:105,2
DA:106,2
DA:107,2
DA:108,2
DA:109,2
DA:110,2
DA:111,2
DA:112,2
DA:113,2
DA:114,2
DA:115,2
DA:116,2
DA:117,2
DA:118,2
DA:119,2
DA:120,2
DA:121,2
DA:122,2
DA:123,1
DA:124,1
DA:125,1
DA:126,1
DA:127,1
DA:128,1
DA:129,1
DA:130,1
DA:131,1
DA:132,1
DA:133,1
DA:134,1
DA:135,3
DA:136,3
DA:137,3
DA:138,3
DA:139,3
DA:140,3
DA:141,1
DA:142,10
DA:143,10
DA:144,10
DA:145,10
DA:146,10
DA:147,10
DA:148,10
DA:149,1
DA:150,1
DA:151,2
DA:152,2
DA:153,2
DA:154,2
DA:155,2
DA:156,4
DA:157,4
DA:158,0
DA:159,2
DA:160,2
DA:161,1
DA:162,1
DA:163,0
DA:164,0
DA:165,0
DA:166,0
DA:167,0
DA:168,0
DA:169,0
DA:170,0
DA:171,0
DA:172,0
DA:173,1
DA:174,1
DA:175,2
DA:176,2
DA:177,2
DA:178,2
DA:179,2
DA:180,2
DA:181,2
DA:182,2
DA:183,2
DA:184,2
DA:185,2
DA:186,1
DA:187,1
DA:188,0
DA:189,0
DA:190,0
DA:191,0
DA:192,0
DA:193,0
DA:194,0
DA:195,0
DA:196,0
DA:197,0
LF:197
LH:176
BRDA:43,0,0,11
BRDA:43,1,0,9
BRDA:47,2,0,3
BRDA:55,3,0,3
BRDA:71,4,0,1
BRDA:86,5,0,2
BRDA:97,6,0,1
BRDA:124,7,0,1
BRDA:134,8,0,3
BRDA:138,9,0,0
BRDA:139,10,0,6
BRDA:142,11,0,10
BRDA:146,12,0,0
BRDA:150,13,0,2
BRDA:154,14,0,0
BRDA:155,15,0,4
BRDA:157,16,0,0
BRDA:174,17,0,2
BRDA:183,18,0,0
BRF:19
BRH:14
end_of_record
TN:
SF:src\server\config.ts
FN:8,__name
FN:15,envBoolean
FN:121,loadConfig
FNF:3
FNH:2
FNDA:6,__name
FNDA:12,envBoolean
FNDA:0,loadConfig
DA:1,1
DA:2,1
DA:3,1
DA:4,1
DA:5,1
DA:6,1
DA:7,1
DA:8,1
DA:9,1
DA:10,1
DA:11,1
DA:12,1
DA:13,1
DA:14,1
DA:15,12
DA:16,12
DA:17,0
DA:18,0
DA:19,0
DA:20,0
DA:21,0
DA:22,0
DA:23,12
DA:24,12
DA:25,1
DA:26,1
DA:27,1
DA:28,1
DA:29,1
DA:30,1
DA:31,1
DA:32,1
DA:33,1
DA:34,1
DA:35,1
DA:36,1
DA:37,1
DA:38,1
DA:39,1
DA:40,1
DA:41,1
DA:42,1
DA:43,1
DA:44,1
DA:45,1
DA:46,1
DA:47,1
DA:48,1
DA:49,1
DA:50,1
DA:51,1
DA:52,1
DA:53,1
DA:54,1
DA:55,1
DA:56,1
DA:57,1
DA:58,1
DA:59,1
DA:60,1
DA:61,1
DA:62,1
DA:63,1
DA:64,1
DA:65,1
DA:66,1
DA:67,1
DA:68,1
DA:69,1
DA:70,1
DA:71,1
DA:72,1
DA:73,1
DA:74,1
DA:75,1
DA:76,1
DA:77,1
DA:78,1
DA:79,1
DA:80,1
DA:81,1
DA:82,1
DA:83,1
DA:84,1
DA:85,1
DA:86,1
DA:87,1
DA:88,1
DA:89,1
DA:90,1
DA:91,1
DA:92,1
DA:93,1
DA:94,1
DA:95,1
DA:96,1
DA:97,1
DA:98,1
DA:99,1
DA:100,1
DA:101,1
DA:102,1
DA:103,1
DA:104,1
DA:105,1
DA:106,1
DA:107,1
DA:108,1
DA:109,1
DA:110,1
DA:111,1
DA:112,1
DA:113,1
DA:114,1
DA:115,1
DA:116,1
DA:117,1
DA:118,1
DA:119,1
DA:120,1
DA:121,1
DA:122,0
DA:123,0
DA:124,0
DA:125,0
LF:125
LH:115
BRDA:8,0,0,6
BRDA:15,1,0,12
BRF:2
BRH:2
end_of_record
TN:
SF:src\server\middleware\app-error.ts
FN:7,__name
FN:7,<instance_members_initializer>
FN:8,AppError
FN:17,notFound
FN:21,validation
FN:25,config
FN:29,internal
FN:33,aiService
FN:37,generateFailed
FNF:9
FNH:5
FNDA:4,__name
FNDA:12,<instance_members_initializer>
FNDA:8,AppError
FNDA:5,notFound
FNDA:3,validation
FNDA:0,config
FNDA:0,internal
FNDA:0,aiService
FNDA:0,generateFailed
DA:1,1
DA:2,1
DA:3,1
DA:4,1
DA:5,1
DA:6,1
DA:7,1
DA:8,12
DA:9,8
DA:10,8
DA:11,8
DA:12,8
DA:13,8
DA:14,8
DA:15,8
DA:16,12
DA:17,12
DA:18,5
DA:19,5
DA:20,12
DA:21,12
DA:22,3
DA:23,3
DA:24,12
DA:25,12
DA:26,0
DA:27,0
DA:28,12
DA:29,12
DA:30,0
DA:31,0
DA:32,12
DA:33,12
DA:34,0
DA:35,0
DA:36,12
DA:37,12
DA:38,0
DA:39,0
DA:40,12
LF:40
LH:32
BRDA:7,0,0,4
BRDA:7,1,0,12
BRDA:8,2,0,8
BRDA:17,3,0,5
BRDA:21,4,0,3
BRF:5
BRH:5
end_of_record
TN:
SF:src\server\middleware\error-handler.ts
FN:8,__name
FN:11,errorHandler
FNF:2
FNH:2
FNDA:3,__name
FNDA:5,errorHandler
DA:1,1
DA:2,1
DA:3,1
DA:4,1
DA:5,1
DA:6,1
DA:7,1
DA:8,1
DA:9,1
DA:10,1
DA:11,1
DA:12,5
DA:13,5
DA:14,5
DA:15,5
DA:16,5
DA:17,5
DA:18,5
DA:19,0
DA:20,5
LF:20
LH:19
BRDA:8,0,0,3
BRDA:11,1,0,5
BRDA:18,2,0,0
BRF:3
BRH:2
end_of_record
TN:
SF:src\server\routes\generates.ts
FN:7,__name
FN:10,createGeneratesRouter
FNF:2
FNH:2
FNDA:3,__name
FNDA:21,createGeneratesRouter
DA:1,1
DA:2,1
DA:3,1
DA:4,1
DA:5,1
DA:6,1
DA:7,1
DA:8,1
DA:9,1
DA:10,1
DA:11,21
DA:12,21
DA:13,21
DA:14,21
DA:15,21
DA:16,5
DA:17,5
DA:18,5
DA:19,5
DA:20,0
DA:21,0
DA:22,21
DA:23,21
DA:24,21
DA:25,1
DA:26,1
DA:27,1
DA:28,1
DA:29,1
DA:30,1
DA:31,21
DA:32,21
DA:33,21
DA:34,0
DA:35,0
DA:36,0
DA:37,0
DA:38,0
DA:39,0
DA:40,21
DA:41,21
DA:42,21
DA:43,21
DA:44,21
DA:45,0
DA:46,0
DA:47,0
DA:48,0
DA:49,0
DA:50,0
DA:51,21
DA:52,21
DA:53,21
DA:54,21
DA:55,21
DA:56,1
DA:57,21
DA:58,21
DA:59,21
DA:60,2
DA:61,2
DA:62,2
DA:63,2
DA:64,1
DA:65,1
DA:66,21
DA:67,21
DA:68,21
DA:69,1
DA:70,1
DA:71,1
DA:72,1
DA:73,1
DA:74,1
DA:75,21
DA:76,21
DA:77,21
DA:78,1
DA:79,1
DA:80,1
DA:81,1
DA:82,0
DA:83,0
DA:84,21
DA:85,21
DA:86,21
DA:87,21
DA:88,21
DA:89,0
DA:90,0
DA:91,0
DA:92,0
DA:93,0
DA:94,0
DA:95,0
DA:96,0
DA:97,0
DA:98,0
DA:99,0
DA:100,0
DA:101,0
DA:102,0
DA:103,0
DA:104,0
DA:105,21
DA:106,21
DA:107,21
DA:108,0
DA:109,0
DA:110,0
DA:111,0
DA:112,0
DA:113,0
DA:114,0
DA:115,0
DA:116,0
DA:117,21
DA:118,21
DA:119,21
DA:120,0
DA:121,0
DA:122,0
DA:123,0
DA:124,0
DA:125,0
DA:126,0
DA:127,0
DA:128,0
DA:129,21
DA:130,21
DA:131,21
DA:132,21
LF:132
LH:82
BRDA:7,0,0,3
BRDA:10,1,0,21
BRDA:15,2,0,5
BRDA:19,3,0,0
BRDA:24,4,0,1
BRDA:27,5,0,0
BRDA:55,6,0,1
BRDA:59,7,0,2
BRDA:63,8,0,1
BRDA:68,9,0,1
BRDA:77,10,0,1
BRDA:81,11,0,0
BRF:12
BRH:9
end_of_record
TN:
SF:src\server\routes\guides.ts
FN:7,__name
FN:11,createGuidesRouter
FNF:2
FNH:2
FNDA:3,__name
FNDA:21,createGuidesRouter
DA:1,1
DA:2,1
DA:3,1
DA:4,1
DA:5,1
DA:6,1
DA:7,1
DA:8,1
DA:9,1
DA:10,1
DA:11,1
DA:12,21
DA:13,21
DA:14,21
DA:15,21
DA:16,21
DA:17,2
DA:18,21
DA:19,21
DA:20,21
DA:21,4
DA:22,4
DA:23,4
DA:24,4
DA:25,2
DA:26,2
DA:27,21
DA:28,21
DA:29,21
DA:30,1
DA:31,1
DA:32,1
DA:33,1
DA:34,0
DA:35,0
DA:36,21
DA:37,21
DA:38,21
DA:39,1
DA:40,1
DA:41,1
DA:42,1
DA:43,0
DA:44,0
DA:45,21
DA:46,21
DA:47,21
DA:48,1
DA:49,1
DA:50,1
DA:51,1
DA:52,0
DA:53,0
DA:54,21
DA:55,21
DA:56,21
DA:57,1
DA:58,1
DA:59,1
DA:60,1
DA:61,0
DA:62,0
DA:63,21
DA:64,21
DA:65,21
DA:66,21
DA:67,21
DA:68,1
DA:69,1
DA:70,1
DA:71,1
DA:72,1
DA:73,1
DA:74,1
DA:75,1
DA:76,0
DA:77,0
DA:78,21
DA:79,21
DA:80,21
DA:81,1
DA:82,1
DA:83,1
DA:84,1
DA:85,1
DA:86,1
DA:87,1
DA:88,0
DA:89,0
DA:90,21
DA:91,21
DA:92,21
DA:93,1
DA:94,1
DA:95,1
DA:96,1
DA:97,1
DA:98,1
DA:99,1
DA:100,1
DA:101,0
DA:102,0
DA:103,21
DA:104,21
DA:105,21
DA:106,0
DA:107,0
DA:108,0
DA:109,0
DA:110,0
DA:111,0
DA:112,0
DA:113,0
DA:114,0
DA:115,0
DA:116,21
DA:117,21
DA:118,21
DA:119,21
DA:120,21
DA:121,0
DA:122,0
DA:123,0
DA:124,0
DA:125,0
DA:126,0
DA:127,0
DA:128,0
DA:129,0
DA:130,0
DA:131,21
DA:132,21
DA:133,21
DA:134,21
DA:135,21
DA:136,21
DA:137,21
DA:138,21
DA:139,0
DA:140,0
DA:141,0
DA:142,0
DA:143,0
DA:144,0
DA:145,0
DA:146,0
DA:147,0
DA:148,0
DA:149,0
DA:150,21
DA:151,21
DA:152,21
DA:153,21
DA:154,21
DA:155,21
DA:156,0
DA:157,0
DA:158,0
DA:159,0
DA:160,0
DA:161,0
DA:162,0
DA:163,0
DA:164,0
DA:165,0
DA:166,0
DA:167,21
DA:168,21
DA:169,21
DA:170,21
DA:171,21
DA:172,21
DA:173,0
DA:174,0
DA:175,0
DA:176,0
DA:177,0
DA:178,0
DA:179,0
DA:180,0
DA:181,0
DA:182,0
DA:183,0
DA:184,21
DA:185,21
DA:186,21
DA:187,21
DA:188,21
DA:189,21
DA:190,0
DA:191,0
DA:192,0
DA:193,0
DA:194,0
DA:195,0
DA:196,0
DA:197,0
DA:198,0
DA:199,0
DA:200,0
DA:201,21
DA:202,21
DA:203,21
DA:204,21
DA:205,21
DA:206,1
DA:207,1
DA:208,1
DA:209,1
DA:210,1
DA:211,1
DA:212,1
DA:213,1
DA:214,1
DA:215,1
DA:216,1
DA:217,1
DA:218,0
DA:219,0
DA:220,0
DA:221,21
DA:222,21
DA:223,21
DA:224,21
LF:224
LH:143
BRDA:7,0,0,3
BRDA:11,1,0,21
BRDA:16,2,0,2
BRDA:20,3,0,4
BRDA:24,4,0,2
BRDA:29,5,0,1
BRDA:33,6,0,0
BRDA:38,7,0,1
BRDA:42,8,0,0
BRDA:47,9,0,1
BRDA:51,10,0,0
BRDA:56,11,0,1
BRDA:60,12,0,0
BRDA:67,13,0,1
BRDA:75,14,0,0
BRDA:80,15,0,1
BRDA:87,16,0,0
BRDA:92,17,0,1
BRDA:100,18,0,0
BRDA:205,19,0,1
BRDA:217,20,0,0
BRF:21
BRH:13
end_of_record
TN:
SF:src\server\routes\health.ts
FNF:0
FNH:0
DA:1,1
DA:2,1
DA:3,1
DA:4,1
DA:5,1
DA:6,1
DA:7,1
DA:8,1
DA:9,1
DA:10,2
DA:11,1
LF:11
LH:11
BRDA:9,0,0,2
BRF:1
BRH:1
end_of_record
TN:
SF:src\server\services\bundle-uploader.ts
FN:8,__name
FN:30,<static_initializer>
FNF:2
FNH:2
FNDA:3,__name
FNDA:3,<static_initializer>
DA:1,1
DA:2,1
DA:3,1
DA:4,1
DA:5,1
DA:6,1
DA:7,1
DA:8,1
DA:9,1
DA:10,1
DA:11,1
DA:12,1
DA:13,1
DA:14,1
DA:15,1
DA:16,1
DA:17,1
DA:18,1
DA:19,1
DA:20,1
DA:21,1
DA:22,1
DA:23,1
DA:24,1
DA:25,1
DA:26,1
DA:27,1
DA:28,1
DA:29,1
DA:30,1
DA:31,3
DA:32,3
DA:33,3
DA:34,3
DA:35,3
DA:36,3
DA:37,3
DA:38,3
DA:39,3
DA:40,3
DA:41,3
DA:42,3
DA:43,3
DA:44,3
DA:45,3
DA:46,3
DA:47,3
DA:48,3
DA:49,3
DA:50,3
DA:51,3
DA:52,3
DA:53,3
DA:54,3
DA:55,3
DA:56,3
DA:57,3
DA:58,3
DA:59,3
DA:60,3
DA:61,3
DA:62,3
DA:63,3
DA:64,3
DA:65,3
DA:66,3
DA:67,3
DA:68,3
DA:69,3
DA:70,3
DA:71,3
DA:72,3
DA:73,3
DA:74,3
DA:75,3
DA:76,3
DA:77,3
DA:78,3
DA:79,3
DA:80,3
DA:81,3
DA:82,3
DA:83,3
DA:84,3
DA:85,3
DA:86,3
DA:87,3
DA:88,3
DA:89,3
DA:90,3
DA:91,3
DA:92,3
DA:93,3
DA:94,3
DA:95,3
DA:96,3
DA:97,3
DA:98,3
DA:99,3
DA:100,3
DA:101,3
DA:102,3
DA:103,3
DA:104,3
DA:105,3
DA:106,3
DA:107,3
DA:108,3
DA:109,3
LF:109
LH:109
BRDA:8,0,0,3
BRDA:30,1,0,3
BRF:2
BRH:2
end_of_record
TN:
SF:src\server\services\generate-service.ts
FN:9,__name
FN:27,<instance_members_initializer>
FN:30,GenerateService
FN:54,startGenerate
FN:58,cancelGenerate
FN:62,getRecord
FN:66,listGenerates
FN:70,getLogs
FN:74,regenerateNode
FN:78,regenerateEdge
FN:82,regenerateHotspots
FN:86,packageGuide
FN:97,packagePanoramaGuide
FN:105,publishBundle
FN:112,get promptBuilder
FNF:15
FNH:9
FNDA:3,__name
FNDA:24,<instance_members_initializer>
FNDA:21,GenerateService
FNDA:5,startGenerate
FNDA:1,cancelGenerate
FNDA:2,getRecord
FNDA:1,listGenerates
FNDA:1,getLogs
FNDA:0,regenerateNode
FNDA:0,regenerateEdge
FNDA:0,regenerateHotspots
FNDA:1,packageGuide
FNDA:0,packagePanoramaGuide
FNDA:0,publishBundle
FNDA:0,get promptBuilder
DA:1,1
DA:2,1
DA:3,1
DA:4,1
DA:5,1
DA:6,1
DA:7,1
DA:8,1
DA:9,1
DA:10,1
DA:11,1
DA:12,1
DA:13,1
DA:14,1
DA:15,1
DA:16,1
DA:17,1
DA:18,1
DA:19,1
DA:20,1
DA:21,1
DA:22,1
DA:23,1
DA:24,1
DA:25,1
DA:26,1
DA:27,1
DA:28,24
DA:29,24
DA:30,24
DA:31,21
DA:32,21
DA:33,21
DA:34,21
DA:35,21
DA:36,21
DA:37,21
DA:38,21
DA:39,21
DA:40,21
DA:41,21
DA:42,21
DA:43,21
DA:44,21
DA:45,21
DA:46,21
DA:47,21
DA:48,21
DA:49,21
DA:50,21
DA:51,24
DA:52,24
DA:53,24
DA:54,24
DA:55,5
DA:56,5
DA:57,24
DA:58,24
DA:59,1
DA:60,1
DA:61,24
DA:62,24
DA:63,2
DA:64,2
DA:65,24
DA:66,24
DA:67,1
DA:68,1
DA:69,24
DA:70,24
DA:71,1
DA:72,1
DA:73,24
DA:74,24
DA:75,0
DA:76,0
DA:77,24
DA:78,24
DA:79,0
DA:80,0
DA:81,24
DA:82,24
DA:83,0
DA:84,0
DA:85,24
DA:86,24
DA:87,1
DA:88,1
DA:89,1
DA:90,0
DA:91,0
DA:92,0
DA:93,0
DA:94,0
DA:95,1
DA:96,24
DA:97,24
DA:98,0
DA:99,0
DA:100,0
DA:101,0
DA:102,0
DA:103,0
DA:104,24
DA:105,24
DA:106,0
DA:107,0
DA:108,0
DA:109,24
DA:110,24
DA:111,24
DA:112,24
DA:113,0
DA:114,0
DA:115,24
DA:116,24
DA:117,24
DA:118,24
DA:119,24
DA:120,24
LF:120
LH:98
BRDA:9,0,0,3
BRDA:27,1,0,24
BRDA:30,2,0,21
BRDA:54,3,0,5
BRDA:58,4,0,1
BRDA:62,5,0,2
BRDA:66,6,0,1
BRDA:70,7,0,1
BRDA:86,8,0,1
BRDA:89,9,0,0
BRDA:89,10,0,0
BRF:11
BRH:9
end_of_record
TN:
SF:src\server\services\guide-hydration.ts
FN:10,__name
FN:12,hydrateGuideEdgeTransitions
FNF:2
FNH:2
FNDA:3,__name
FNDA:2,hydrateGuideEdgeTransitions
DA:1,1
DA:2,1
DA:3,1
DA:4,1
DA:5,1
DA:6,1
DA:7,1
DA:8,1
DA:9,1
DA:10,1
DA:11,1
DA:12,1
DA:13,2
DA:14,2
DA:15,2
DA:16,2
DA:17,2
DA:18,2
DA:19,2
DA:20,2
DA:21,2
DA:22,2
DA:23,2
DA:24,0
DA:25,0
DA:26,0
DA:27,0
DA:28,0
DA:29,0
DA:30,0
DA:31,0
DA:32,0
DA:33,0
DA:34,0
DA:35,0
DA:36,0
DA:37,0
DA:38,0
DA:39,0
DA:40,0
DA:41,0
DA:42,0
DA:43,0
DA:44,0
DA:45,0
DA:46,0
DA:47,0
DA:48,0
DA:49,0
DA:50,0
DA:51,0
DA:52,0
DA:53,0
DA:54,2
LF:54
LH:24
BRDA:10,0,0,3
BRDA:12,1,0,2
BRDA:23,2,0,0
BRF:3
BRH:2
end_of_record
TN:
SF:src\server\services\guide-service.ts
FN:8,__name
FN:22,<instance_members_initializer>
FN:23,GuideService
FN:26,get repository
FN:32,listGuides
FN:55,getGuide
FN:124,importGuide
FN:142,updateGuide
FN:204,deleteGuide
FN:210,copyGuide
FN:263,updateNode
FN:308,updateHotspots
FN:403,addNode
FN:455,deleteNode
FN:484,updateEdge
FN:504,getManifest
FN:522,uploadNodeImage
FN:548,uploadNodeHtml
FN:574,uploadPanoramaHtmlBundle
FN:626,uploadEdgeVideo
FN:652,patchWorkspaceManifest
FN:662,normalizeZipEntryPath
FN:673,rankHtmlEntry
FNF:23
FNH:19
FNDA:4,__name
FNDA:41,<instance_members_initializer>
FNDA:37,GuideService
FNDA:2,get repository
FNDA:5,listGuides
FNDA:24,getGuide
FNDA:2,importGuide
FNDA:1,updateGuide
FNDA:2,deleteGuide
FNDA:2,copyGuide
FNDA:2,updateNode
FNDA:0,updateHotspots
FNDA:2,addNode
FNDA:3,deleteNode
FNDA:1,updateEdge
FNDA:8,getManifest
FNDA:1,uploadNodeImage
FNDA:1,uploadNodeHtml
FNDA:0,uploadPanoramaHtmlBundle
FNDA:1,uploadEdgeVideo
FNDA:6,patchWorkspaceManifest
FNDA:0,normalizeZipEntryPath
FNDA:0,rankHtmlEntry
DA:1,1
DA:2,1
DA:3,1
DA:4,1
DA:5,1
DA:6,1
DA:7,1
DA:8,1
DA:9,1
DA:10,1
DA:11,1
DA:12,1
DA:13,1
DA:14,1
DA:15,1
DA:16,1
DA:17,1
DA:18,1
DA:19,1
DA:20,1
DA:21,1
DA:22,1
DA:23,41
DA:24,41
DA:25,41
DA:26,41
DA:27,2
DA:28,2
DA:29,41
DA:30,41
DA:31,41
DA:32,41
DA:33,5
DA:34,5
DA:35,5
DA:36,5
DA:37,6
DA:38,6
DA:39,6
DA:40,6
DA:41,6
DA:42,6
DA:43,6
DA:44,6
DA:45,6
DA:46,6
DA:47,6
DA:48,6
DA:49,6
DA:50,6
DA:51,6
DA:52,5
DA:53,5
DA:54,41
DA:55,41
DA:56,24
DA:57,24
DA:58,24
DA:59,24
DA:60,24
DA:61,24
DA:62,20
DA:63,20
DA:64,20
DA:65,20
DA:66,24
DA:67,39
DA:68,39
DA:69,39
DA:70,0
DA:71,0
DA:72,0
DA:73,39
DA:74,39
DA:75,0
DA:76,0
DA:77,39
DA:78,39
DA:79,39
DA:80,0
DA:81,0
DA:82,0
DA:83,0
DA:84,0
DA:85,0
DA:86,0
DA:87,0
DA:88,0
DA:89,0
DA:90,0
DA:91,0
DA:92,0
DA:93,39
DA:94,24
DA:95,24
DA:96,19
DA:97,19
DA:98,19
DA:99,0
DA:100,0
DA:101,0
DA:102,0
DA:103,19
DA:104,19
DA:105,19
DA:106,0
DA:107,0
DA:108,0
DA:109,0
DA:110,0
DA:111,0
DA:112,0
DA:113,0
DA:114,0
DA:115,0
DA:116,0
DA:117,0
DA:118,0
DA:119,19
DA:120,24
DA:121,24
DA:122,24
DA:123,41
DA:124,41
DA:125,2
DA:126,2
DA:127,0
DA:128,0
DA:129,2
DA:130,2
DA:131,2
DA:132,2
DA:133,2
DA:134,2
DA:135,2
DA:136,2
DA:137,2
DA:138,2
DA:139,2
DA:140,2
DA:141,41
DA:142,41
DA:143,1
DA:144,1
DA:145,1
DA:146,1
DA:147,1
DA:148,1
DA:149,1
DA:150,1
DA:151,1
DA:152,1
DA:153,1
DA:154,1
DA:155,1
DA:156,1
DA:157,1
DA:158,1
DA:159,1
DA:160,1
DA:161,1
DA:162,1
DA:163,1
DA:164,1
DA:165,1
DA:166,1
DA:167,1
DA:168,1
DA:169,0
DA:170,0
DA:171,1
DA:172,1
DA:173,1
DA:174,1
DA:175,0
DA:176,0
DA:177,1
DA:178,0
DA:179,0
DA:180,1
DA:181,0
DA:182,0
DA:183,1
DA:184,0
DA:185,0
DA:186,1
DA:187,0
DA:188,0
DA:189,1
DA:190,0
DA:191,0
DA:192,1
DA:193,0
DA:194,0
DA:195,1
DA:196,0
DA:197,0
DA:198,1
DA:199,1
DA:200,1
DA:201,1
DA:202,1
DA:203,41
DA:204,41
DA:205,2
DA:206,2
DA:207,2
DA:208,2
DA:209,41
DA:210,41
DA:211,2
DA:212,2
DA:213,2
DA:214,2
DA:215,2
DA:216,2
DA:217,2
DA:218,2
DA:219,2
DA:220,2
DA:221,2
DA:222,2
DA:223,4
DA:224,4
DA:225,4
DA:226,4
DA:227,4
DA:228,4
DA:229,1
DA:230,1
DA:231,4
DA:232,4
DA:233,4
DA:234,2
DA:235,2
DA:236,2
DA:237,2
DA:238,2
DA:239,2
DA:240,2
DA:241,2
DA:242,2
DA:243,2
DA:244,2
DA:245,2
DA:246,2
DA:247,2
DA:248,2
DA:249,2
DA:250,2
DA:251,2
DA:252,2
DA:253,2
DA:254,2
DA:255,2
DA:256,2
DA:257,2
DA:258,2
DA:259,2
DA:260,41
DA:261,41
DA:262,41
DA:263,41
DA:264,2
DA:265,2
DA:266,2
DA:267,2
DA:268,2
DA:269,2
DA:270,2
DA:271,2
DA:272,2
DA:273,2
DA:274,2
DA:275,2
DA:276,2
DA:277,2
DA:278,2
DA:279,2
DA:280,2
DA:281,2
DA:282,2
DA:283,2
DA:284,2
DA:285,2
DA:286,2
DA:287,2
DA:288,2
DA:289,2
DA:290,0
DA:291,0
DA:292,0
DA:293,0
DA:294,0
DA:295,0
DA:296,0
DA:297,0
DA:298,0
DA:299,0
DA:300,0
DA:301,2
DA:302,0
DA:303,0
DA:304,2
DA:305,2
DA:306,2
DA:307,41
DA:308,41
DA:309,0
DA:310,0
DA:311,0
DA:312,0
DA:313,0
DA:314,0
DA:315,0
DA:316,0
DA:317,0
DA:318,0
DA:319,0
DA:320,0
DA:321,0
DA:322,0
DA:323,0
DA:324,0
DA:325,0
DA:326,0
DA:327,0
DA:328,0
DA:329,0
DA:330,0
DA:331,0
DA:332,0
DA:333,0
DA:334,0
DA:335,0
DA:336,0
DA:337,0
DA:338,0
DA:339,0
DA:340,0
DA:341,0
DA:342,0
DA:343,0
DA:344,0
DA:345,0
DA:346,0
DA:347,0
DA:348,0
DA:349,0
DA:350,0
DA:351,0
DA:352,0
DA:353,0
DA:354,0
DA:355,0
DA:356,0
DA:357,0
DA:358,0
DA:359,0
DA:360,0
DA:361,0
DA:362,0
DA:363,0
DA:364,0
DA:365,0
DA:366,0
DA:367,0
DA:368,0
DA:369,0
DA:370,0
DA:371,0
DA:372,0
DA:373,0
DA:374,0
DA:375,0
DA:376,0
DA:377,0
DA:378,0
DA:379,0
DA:380,0
DA:381,0
DA:382,0
DA:383,0
DA:384,0
DA:385,0
DA:386,0
DA:387,0
DA:388,0
DA:389,0
DA:390,0
DA:391,0
DA:392,0
DA:393,0
DA:394,0
DA:395,0
DA:396,0
DA:397,0
DA:398,0
DA:399,0
DA:400,0
DA:401,0
DA:402,41
DA:403,41
DA:404,2
DA:405,2
DA:406,2
DA:407,2
DA:408,2
DA:409,2
DA:410,2
DA:411,2
DA:412,2
DA:413,2
DA:414,2
DA:415,2
DA:416,2
DA:417,2
DA:418,2
DA:419,2
DA:420,2
DA:421,2
DA:422,2
DA:423,2
DA:424,2
DA:425,2
DA:426,2
DA:427,2
DA:428,2
DA:429,2
DA:430,2
DA:431,2
DA:432,2
DA:433,2
DA:434,2
DA:435,2
DA:436,2
DA:437,2
DA:438,2
DA:439,2
DA:440,2
DA:441,2
DA:442,2
DA:443,2
DA:444,2
DA:445,2
DA:446,2
DA:447,2
DA:448,2
DA:449,2
DA:450,2
DA:451,2
DA:452,2
DA:453,2
DA:454,41
DA:455,41
DA:456,3
DA:457,3
DA:458,3
DA:459,2
DA:460,2
DA:461,3
DA:462,3
DA:463,3
DA:464,3
DA:465,2
DA:466,2
DA:467,2
DA:468,2
DA:469,3
DA:470,4
DA:471,4
DA:472,4
DA:473,4
DA:474,3
DA:475,3
DA:476,3
DA:477,2
DA:478,2
DA:479,2
DA:480,3
DA:481,41
DA:482,41
DA:483,41
DA:484,41
DA:485,1
DA:486,1
DA:487,1
DA:488,1
DA:489,1
DA:490,1
DA:491,1
DA:492,1
DA:493,1
DA:494,1
DA:495,1
DA:496,1
DA:497,1
DA:498,1
DA:499,1
DA:500,1
DA:501,41
DA:502,41
DA:503,41
DA:504,41
DA:505,8
DA:506,8
DA:507,8
DA:508,8
DA:509,8
DA:510,8
DA:511,8
DA:512,8
DA:513,8
DA:514,8
DA:515,8
DA:516,5
DA:517,5
DA:518,8
DA:519,41
DA:520,41
DA:521,41
DA:522,41
DA:523,1
DA:524,1
DA:525,1
DA:526,1
DA:527,0
DA:528,0
DA:529,1
DA:530,1
DA:531,1
DA:532,1
DA:533,1
DA:534,1
DA:535,1
DA:536,0
DA:537,0
DA:538,0
DA:539,0
DA:540,0
DA:541,0
DA:542,0
DA:543,1
DA:544,1
DA:545,1
DA:546,1
DA:547,41
DA:548,41
DA:549,1
DA:550,1
DA:551,1
DA:552,1
DA:553,0
DA:554,0
DA:555,1
DA:556,1
DA:557,1
DA:558,1
DA:559,1
DA:560,1
DA:561,1
DA:562,0
DA:563,0
DA:564,0
DA:565,0
DA:566,0
DA:567,0
DA:568,0
DA:569,1
DA:570,1
DA:571,1
DA:572,1
DA:573,41
DA:574,41
DA:575,0
DA:576,0
DA:577,0
DA:578,0
DA:579,0
DA:580,0
DA:581,0
DA:582,0
DA:583,0
DA:584,0
DA:585,0
DA:586,0
DA:587,0
DA:588,0
DA:589,0
DA:590,0
DA:591,0
DA:592,0
DA:593,0
DA:594,0
DA:595,0
DA:596,0
DA:597,0
DA:598,0
DA:599,0
DA:600,0
DA:601,0
DA:602,0
DA:603,0
DA:604,0
DA:605,0
DA:606,0
DA:607,0
DA:608,0
DA:609,0
DA:610,0
DA:611,0
DA:612,0
DA:613,0
DA:614,0
DA:615,0
DA:616,0
DA:617,0
DA:618,0
DA:619,0
DA:620,0
DA:621,0
DA:622,0
DA:623,0
DA:624,0
DA:625,41
DA:626,41
DA:627,1
DA:628,1
DA:629,1
DA:630,1
DA:631,0
DA:632,0
DA:633,1
DA:634,1
DA:635,1
DA:636,1
DA:637,1
DA:638,1
DA:639,1
DA:640,0
DA:641,0
DA:642,0
DA:643,0
DA:644,0
DA:645,0
DA:646,0
DA:647,1
DA:648,1
DA:649,1
DA:650,1
DA:651,41
DA:652,41
DA:653,6
DA:654,6
DA:655,6
DA:656,6
DA:657,6
DA:658,3
DA:659,3
DA:660,6
DA:661,41
DA:662,41
DA:663,0
DA:664,0
DA:665,0
DA:666,0
DA:667,0
DA:668,0
DA:669,0
DA:670,0
DA:671,0
DA:672,41
DA:673,41
DA:674,0
DA:675,0
DA:676,0
DA:677,0
DA:678,0
DA:679,41
DA:680,41
LF:680
LH:428
BRDA:8,0,0,4
BRDA:22,1,0,41
BRDA:23,2,0,37
BRDA:26,3,0,2
BRDA:32,4,0,5
BRDA:36,5,0,6
BRDA:49,6,0,0
BRDA:55,7,0,24
BRDA:58,8,0,4
BRDA:61,9,0,20
BRDA:66,10,0,39
BRDA:69,11,0,0
BRDA:74,12,0,0
BRDA:79,13,0,0
BRDA:79,14,0,0
BRDA:95,15,0,22
BRDA:95,16,0,20
BRDA:95,17,0,19
BRDA:98,18,0,0
BRDA:105,19,0,0
BRDA:121,20,0,20
BRDA:124,21,0,2
BRDA:126,22,0,0
BRDA:142,23,0,1
BRDA:166,24,0,0
BRDA:167,25,0,1
BRDA:168,26,0,0
BRDA:174,27,0,0
BRDA:177,28,0,0
BRDA:180,29,0,0
BRDA:183,30,0,0
BRDA:186,31,0,0
BRDA:189,32,0,0
BRDA:192,33,0,0
BRDA:195,34,0,0
BRDA:204,35,0,2
BRDA:210,36,0,2
BRDA:222,37,0,4
BRDA:228,38,0,1
BRDA:235,39,0,2
BRDA:263,40,0,2
BRDA:266,41,0,0
BRDA:289,42,0,0
BRDA:289,43,0,0
BRDA:301,44,0,0
BRDA:265,45,0,2
BRDA:276,46,0,2
BRDA:277,47,0,2
BRDA:403,48,0,2
BRDA:408,49,0,0
BRDA:417,50,0,1
BRDA:444,51,0,0
BRDA:407,52,0,2
BRDA:455,53,0,3
BRDA:458,54,0,2
BRDA:458,55,0,1
BRDA:461,56,0,0
BRDA:464,57,0,2
BRDA:469,58,0,4
BRDA:476,59,0,2
BRDA:460,60,0,4
BRDA:465,61,0,2
BRDA:471,62,0,1
BRDA:484,63,0,1
BRDA:487,64,0,0
BRDA:486,65,0,1
BRDA:504,66,0,8
BRDA:507,67,0,0
BRDA:513,68,0,3
BRDA:515,69,0,5
BRDA:522,70,0,1
BRDA:525,71,0,0
BRDA:526,72,0,0
BRDA:526,73,0,1
BRDA:548,74,0,1
BRDA:551,75,0,0
BRDA:552,76,0,0
BRDA:552,77,0,1
BRDA:626,78,0,1
BRDA:629,79,0,0
BRDA:630,80,0,0
BRDA:630,81,0,1
BRDA:652,82,0,6
BRDA:657,83,0,3
BRF:84
BRH:51
end_of_record
TN:
SF:src\server\services\manifest-builder.ts
FN:3,__name
FN:15,resolveNodeImageFileName
FN:26,buildManifest
FN:137,buildWorkspaceManifest
FN:276,syncAssetsToWorkspace
FNF:5
FNH:5
FNDA:12,__name
FNDA:20,resolveNodeImageFileName
FNDA:5,buildManifest
FNDA:5,buildWorkspaceManifest
FNDA:5,syncAssetsToWorkspace
DA:1,1
DA:2,1
DA:3,1
DA:4,1
DA:5,1
DA:6,1
DA:7,1
DA:8,1
DA:9,1
DA:10,1
DA:11,1
DA:12,1
DA:13,1
DA:14,1
DA:15,1
DA:16,20
DA:17,20
DA:18,20
DA:19,20
DA:20,20
DA:21,160
DA:22,160
DA:23,20
DA:24,20
DA:25,1
DA:26,1
DA:27,5
DA:28,5
DA:29,5
DA:30,5
DA:31,5
DA:32,5
DA:33,5
DA:34,5
DA:35,10
DA:36,10
DA:37,10
DA:38,10
DA:39,10
DA:40,10
DA:41,10
DA:42,0
DA:43,0
DA:44,0
DA:45,0
DA:46,0
DA:47,0
DA:48,0
DA:49,0
DA:50,0
DA:51,0
DA:52,0
DA:53,0
DA:54,0
DA:55,0
DA:56,0
DA:57,0
DA:58,0
DA:59,0
DA:60,0
DA:61,0
DA:62,0
DA:63,0
DA:64,0
DA:65,0
DA:66,0
DA:67,10
DA:68,10
DA:69,10
DA:70,10
DA:71,10
DA:72,10
DA:73,10
DA:74,10
DA:75,10
DA:76,10
DA:77,10
DA:78,10
DA:79,0
DA:80,10
DA:81,10
DA:82,10
DA:83,5
DA:84,5
DA:85,5
DA:86,5
DA:87,5
DA:88,5
DA:89,5
DA:90,5
DA:91,10
DA:92,10
DA:93,5
DA:94,5
DA:95,5
DA:96,5
DA:97,5
DA:98,5
DA:99,5
DA:100,5
DA:101,5
DA:102,5
DA:103,5
DA:104,5
DA:105,5
DA:106,5
DA:107,5
DA:108,5
DA:109,5
DA:110,5
DA:111,5
DA:112,5
DA:113,5
DA:114,5
DA:115,5
DA:116,5
DA:117,5
DA:118,5
DA:119,5
DA:120,5
DA:121,5
DA:122,5
DA:123,5
DA:124,5
DA:125,5
DA:126,5
DA:127,5
DA:128,5
DA:129,5
DA:130,5
DA:131,5
DA:132,5
DA:133,5
DA:134,5
DA:135,5
DA:136,1
DA:137,1
DA:138,5
DA:139,5
DA:140,5
DA:141,5
DA:142,5
DA:143,5
DA:144,5
DA:145,10
DA:146,10
DA:147,10
DA:148,10
DA:149,10
DA:150,10
DA:151,10
DA:152,0
DA:153,0
DA:154,0
DA:155,0
DA:156,0
DA:157,0
DA:158,0
DA:159,0
DA:160,0
DA:161,0
DA:162,0
DA:163,0
DA:164,0
DA:165,0
DA:166,0
DA:167,0
DA:168,0
DA:169,0
DA:170,0
DA:171,0
DA:172,0
DA:173,0
DA:174,0
DA:175,0
DA:176,0
DA:177,0
DA:178,0
DA:179,0
DA:180,0
DA:181,0
DA:182,0
DA:183,0
DA:184,0
DA:185,10
DA:186,10
DA:187,10
DA:188,10
DA:189,10
DA:190,10
DA:191,10
DA:192,10
DA:193,10
DA:194,10
DA:195,10
DA:196,10
DA:197,10
DA:198,10
DA:199,10
DA:200,10
DA:201,10
DA:202,10
DA:203,10
DA:204,0
DA:205,10
DA:206,10
DA:207,10
DA:208,5
DA:209,5
DA:210,5
DA:211,5
DA:212,5
DA:213,5
DA:214,5
DA:215,5
DA:216,10
DA:217,10
DA:218,5
DA:219,5
DA:220,5
DA:221,5
DA:222,5
DA:223,5
DA:224,5
DA:225,5
DA:226,5
DA:227,5
DA:228,5
DA:229,5
DA:230,5
DA:231,5
DA:232,5
DA:233,5
DA:234,5
DA:235,5
DA:236,5
DA:237,5
DA:238,5
DA:239,5
DA:240,5
DA:241,5
DA:242,5
DA:243,5
DA:244,5
DA:245,5
DA:246,5
DA:247,5
DA:248,5
DA:249,5
DA:250,5
DA:251,5
DA:252,5
DA:253,5
DA:254,5
DA:255,5
DA:256,5
DA:257,5
DA:258,5
DA:259,5
DA:260,5
DA:261,5
DA:262,5
DA:263,5
DA:264,5
DA:265,5
DA:266,5
DA:267,5
DA:268,5
DA:269,5
DA:270,5
DA:271,5
DA:272,5
DA:273,5
DA:274,5
DA:275,1
DA:276,1
DA:277,5
DA:278,5
DA:279,5
DA:280,5
DA:281,5
DA:282,5
DA:283,5
DA:284,5
DA:285,5
DA:286,5
DA:287,10
DA:288,10
DA:289,0
DA:290,0
DA:291,0
DA:292,0
DA:293,10
DA:294,10
DA:295,10
DA:296,0
DA:297,0
DA:298,10
DA:299,10
DA:300,5
DA:301,5
DA:302,5
DA:303,5
DA:304,0
DA:305,0
DA:306,5
DA:307,5
DA:308,5
DA:309,5
DA:310,5
LF:310
LH:242
BRDA:3,0,0,12
BRDA:15,1,0,20
BRDA:20,2,0,160
BRDA:21,3,0,0
BRDA:26,4,0,5
BRDA:111,5,0,10
BRDA:34,6,0,10
BRDA:40,7,0,0
BRDA:41,8,0,0
BRDA:71,9,0,0
BRDA:72,10,0,0
BRDA:74,11,0,0
BRDA:78,12,0,0
BRDA:82,13,0,0
BRDA:82,14,0,5
BRDA:95,15,0,5
BRDA:106,16,0,0
BRDA:137,17,0,5
BRDA:247,18,0,10
BRDA:144,19,0,10
BRDA:150,20,0,0
BRDA:151,21,0,0
BRDA:190,22,0,0
BRDA:191,23,0,0
BRDA:193,24,0,0
BRDA:203,25,0,0
BRDA:207,26,0,0
BRDA:207,27,0,5
BRDA:220,28,0,5
BRDA:242,29,0,0
BRDA:276,30,0,5
BRDA:286,31,0,10
BRDA:287,32,0,0
BRDA:288,33,0,0
BRDA:295,34,0,0
BRDA:303,35,0,0
BRF:36
BRH:15
end_of_record
TN:
SF:src\server\services\panorama-product-builder.ts
FN:7,__name
FN:15,<static_initializer>
FN:16,build
FN:28,buildFromGuide
FNF:4
FNH:2
FNDA:3,__name
FNDA:3,<static_initializer>
FNDA:0,build
FNDA:0,buildFromGuide
DA:1,1
DA:2,1
DA:3,1
DA:4,1
DA:5,1
DA:6,1
DA:7,1
DA:8,1
DA:9,1
DA:10,1
DA:11,1
DA:12,1
DA:13,1
DA:14,1
DA:15,1
DA:16,3
DA:17,0
DA:18,0
DA:19,0
DA:20,0
DA:21,0
DA:22,0
DA:23,0
DA:24,0
DA:25,0
DA:26,0
DA:27,3
DA:28,3
DA:29,0
DA:30,0
DA:31,0
DA:32,0
DA:33,0
DA:34,0
DA:35,0
DA:36,0
DA:37,0
DA:38,0
DA:39,0
DA:40,0
DA:41,0
DA:42,3
LF:42
LH:19
BRDA:7,0,0,3
BRDA:15,1,0,3
BRF:2
BRH:2
end_of_record
TN:
SF:src\server\services\panorama-runtime-bundle.ts
FN:5,__name
FN:27,<instance_members_initializer>
FN:30,PanoramaRuntimeBundleService
FN:32,buildRuntimeBundle
FN:70,buildBundledProduct
FN:152,resolvePanoramaAssetPath
FN:161,buildAssetCandidates
FN:193,extractFileName
FN:200,sanitizeAssetSegment
FN:205,buildIndexHtml
FN:226,buildStyles
FN:239,buildPlayerHostScript
FN:253,ensurePanoramaPlayerHostBuild
FN:279,buildRuntimeScript
FN:315,escapeHtml
FNF:15
FNH:3
FNDA:3,__name
FNDA:24,<instance_members_initializer>
FNDA:21,PanoramaRuntimeBundleService
FNDA:0,buildRuntimeBundle
FNDA:0,buildBundledProduct
FNDA:0,resolvePanoramaAssetPath
FNDA:0,buildAssetCandidates
FNDA:0,extractFileName
FNDA:0,sanitizeAssetSegment
FNDA:0,buildIndexHtml
FNDA:0,buildStyles
FNDA:0,buildPlayerHostScript
FNDA:0,ensurePanoramaPlayerHostBuild
FNDA:0,buildRuntimeScript
FNDA:0,escapeHtml
DA:1,1
DA:2,1
DA:3,1
DA:4,1
DA:5,1
DA:6,1
DA:7,1
DA:8,1
DA:9,1
DA:10,1
DA:11,1
DA:12,1
DA:13,1
DA:14,1
DA:15,1
DA:16,1
DA:17,1
DA:18,1
DA:19,1
DA:20,1
DA:21,1
DA:22,1
DA:23,1
DA:24,1
DA:25,1
DA:26,1
DA:27,1
DA:28,24
DA:29,24
DA:30,24
DA:31,24
DA:32,24
DA:33,0
DA:34,0
DA:35,0
DA:36,0
DA:37,0
DA:38,0
DA:39,0
DA:40,0
DA:41,0
DA:42,0
DA:43,0
DA:44,0
DA:45,0
DA:46,0
DA:47,0
DA:48,0
DA:49,0
DA:50,0
DA:51,0
DA:52,0
DA:53,0
DA:54,0
DA:55,0
DA:56,0
DA:57,0
DA:58,0
DA:59,0
DA:60,0
DA:61,0
DA:62,0
DA:63,0
DA:64,0
DA:65,0
DA:66,0
DA:67,0
DA:68,0
DA:69,24
DA:70,24
DA:71,0
DA:72,0
DA:73,0
DA:74,0
DA:75,0
DA:76,0
DA:77,0
DA:78,0
DA:79,0
DA:80,0
DA:81,0
DA:82,0
DA:83,0
DA:84,0
DA:85,0
DA:86,0
DA:87,0
DA:88,0
DA:89,0
DA:90,0
DA:91,0
DA:92,0
DA:93,0
DA:94,0
DA:95,0
DA:96,0
DA:97,0
DA:98,0
DA:99,0
DA:100,0
DA:101,0
DA:102,0
DA:103,0
DA:104,0
DA:105,0
DA:106,0
DA:107,0
DA:108,0
DA:109,0
DA:110,0
DA:111,0
DA:112,0
DA:113,0
DA:114,0
DA:115,0
DA:116,0
DA:117,0
DA:118,0
DA:119,0
DA:120,0
DA:121,0
DA:122,0
DA:123,0
DA:124,0
DA:125,0
DA:126,0
DA:127,0
DA:128,0
DA:129,0
DA:130,0
DA:131,0
DA:132,0
DA:133,0
DA:134,0
DA:135,0
DA:136,0
DA:137,0
DA:138,0
DA:139,0
DA:140,0
DA:141,0
DA:142,0
DA:143,0
DA:144,0
DA:145,0
DA:146,0
DA:147,0
DA:148,0
DA:149,0
DA:150,0
DA:151,24
DA:152,24
DA:153,0
DA:154,0
DA:155,0
DA:156,0
DA:157,0
DA:158,0
DA:159,0
DA:160,24
DA:161,24
DA:162,0
DA:163,0
DA:164,0
DA:165,0
DA:166,0
DA:167,0
DA:168,0
DA:169,0
DA:170,0
DA:171,0
DA:172,0
DA:173,0
DA:174,0
DA:175,0
DA:176,0
DA:177,0
DA:178,0
DA:179,0
DA:180,0
DA:181,0
DA:182,0
DA:183,0
DA:184,0
DA:185,0
DA:186,0
DA:187,0
DA:188,0
DA:189,0
DA:190,0
DA:191,0
DA:192,24
DA:193,24
DA:194,0
DA:195,0
DA:196,0
DA:197,0
DA:198,0
DA:199,24
DA:200,24
DA:201,0
DA:202,0
DA:203,0
DA:204,24
DA:205,24
DA:206,0
DA:207,0
DA:208,0
DA:209,0
DA:210,0
DA:211,0
DA:212,0
DA:213,0
DA:214,0
DA:215,0
DA:216,0
DA:217,0
DA:218,0
DA:219,0
DA:220,0
DA:221,0
DA:222,0
DA:223,0
DA:224,0
DA:225,24
DA:226,24
DA:227,0
DA:228,0
DA:229,0
DA:230,0
DA:231,0
DA:232,0
DA:233,0
DA:234,0
DA:235,0
DA:236,0
DA:237,0
DA:238,24
DA:239,24
DA:240,0
DA:241,0
DA:242,0
DA:243,0
DA:244,0
DA:245,0
DA:246,0
DA:247,0
DA:248,0
DA:249,0
DA:250,0
DA:251,0
DA:252,24
DA:253,24
DA:254,0
DA:255,0
DA:256,0
DA:257,0
DA:258,0
DA:259,0
DA:260,0
DA:261,0
DA:262,0
DA:263,0
DA:264,0
DA:265,0
DA:266,0
DA:267,0
DA:268,0
DA:269,0
DA:270,0
DA:271,0
DA:272,0
DA:273,0
DA:274,0
DA:275,0
DA:276,0
DA:277,0
DA:278,24
DA:279,24
DA:280,0
DA:281,0
DA:282,0
DA:283,0
DA:284,0
DA:285,0
DA:286,0
DA:287,0
DA:288,0
DA:289,0
DA:290,0
DA:291,0
DA:292,0
DA:293,0
DA:294,0
DA:295,0
DA:296,0
DA:297,0
DA:298,0
DA:299,0
DA:300,0
DA:301,0
DA:302,0
DA:303,0
DA:304,0
DA:305,0
DA:306,0
DA:307,0
DA:308,0
DA:309,0
DA:310,0
DA:311,0
DA:312,0
DA:313,0
DA:314,24
DA:315,24
DA:316,0
DA:317,0
DA:318,0
DA:319,0
DA:320,0
DA:321,0
DA:322,0
DA:323,24
LF:323
LH:55
BRDA:5,0,0,3
BRDA:27,1,0,24
BRDA:30,2,0,21
BRF:3
BRH:3
end_of_record
TN:
SF:src\server\services\pipeline.ts
FN:17,__name
FN:43,<instance_members_initializer>
FN:46,BuildPipeline
FN:56,get manifestCtx
FN:60,get regeneratorDeps
FN:75,startGenerate
FN:121,cancelGenerate
FN:134,getRecord
FN:140,listGenerates
FN:144,getLogs
FN:154,packageGuide
FN:158,regenerateNode
FN:184,regenerateEdge
FN:218,regenerateHotspots
FN:224,runGenerate
FN:307,prepareGenerate
FN:311,generateNodes
FN:435,generateHotspots
FN:567,generateEdges
FN:674,resolveVideoFrameNodeId
FN:680,publishFromGenerate
FN:725,appendLog
FNF:22
FNH:17
FNDA:3,__name
FNDA:24,<instance_members_initializer>
FNDA:21,BuildPipeline
FNDA:10,get manifestCtx
FNDA:0,get regeneratorDeps
FNDA:5,startGenerate
FNDA:1,cancelGenerate
FNDA:2,getRecord
FNDA:1,listGenerates
FNDA:1,getLogs
FNDA:1,packageGuide
FNDA:0,regenerateNode
FNDA:0,regenerateEdge
FNDA:0,regenerateHotspots
FNDA:5,runGenerate
FNDA:5,prepareGenerate
FNDA:5,generateNodes
FNDA:5,generateHotspots
FNDA:5,generateEdges
FNDA:0,resolveVideoFrameNodeId
FNDA:5,publishFromGenerate
FNDA:80,appendLog
DA:1,1
DA:2,1
DA:3,1
DA:4,1
DA:5,1
DA:6,1
DA:7,1
DA:8,1
DA:9,1
DA:10,1
DA:11,1
DA:12,1
DA:13,1
DA:14,1
DA:15,1
DA:16,1
DA:17,1
DA:18,1
DA:19,1
DA:20,1
DA:21,1
DA:22,1
DA:23,1
DA:24,1
DA:25,1
DA:26,1
DA:27,1
DA:28,1
DA:29,1
DA:30,1
DA:31,1
DA:32,1
DA:33,1
DA:34,1
DA:35,1
DA:36,1
DA:37,1
DA:38,1
DA:39,1
DA:40,1
DA:41,1
DA:42,1
DA:43,1
DA:44,24
DA:45,24
DA:46,24
DA:47,21
DA:48,21
DA:49,21
DA:50,21
DA:51,21
DA:52,21
DA:53,21
DA:54,21
DA:55,24
DA:56,24
DA:57,10
DA:58,10
DA:59,24
DA:60,24
DA:61,0
DA:62,0
DA:63,0
DA:64,0
DA:65,0
DA:66,0
DA:67,0
DA:68,0
DA:69,0
DA:70,0
DA:71,0
DA:72,24
DA:73,24
DA:74,24
DA:75,24
DA:76,5
DA:77,5
DA:78,5
DA:79,5
DA:80,5
DA:81,5
DA:82,5
DA:83,5
DA:84,5
DA:85,5
DA:86,5
DA:87,5
DA:88,5
DA:89,5
DA:90,5
DA:91,5
DA:92,5
DA:93,5
DA:94,5
DA:95,5
DA:96,5
DA:97,5
DA:98,5
DA:99,5
DA:100,5
DA:101,5
DA:102,5
DA:103,5
DA:104,5
DA:105,5
DA:106,5
DA:107,0
DA:108,0
DA:109,0
DA:110,0
DA:111,0
DA:112,0
DA:113,0
DA:114,0
DA:115,0
DA:116,5
DA:117,5
DA:118,5
DA:119,5
DA:120,24
DA:121,24
DA:122,1
DA:123,1
DA:124,1
DA:125,1
DA:126,1
DA:127,1
DA:128,0
DA:129,0
DA:130,0
DA:131,0
DA:132,1
DA:133,24
DA:134,24
DA:135,2
DA:136,2
DA:137,1
DA:138,2
DA:139,24
DA:140,24
DA:141,1
DA:142,1
DA:143,24
DA:144,24
DA:145,1
DA:146,1
DA:147,1
DA:148,1
DA:149,1
DA:150,0
DA:151,0
DA:152,1
DA:153,24
DA:154,24
DA:155,1
DA:156,1
DA:157,24
DA:158,24
DA:159,0
DA:160,0
DA:161,0
DA:162,0
DA:163,0
DA:164,0
DA:165,0
DA:166,0
DA:167,0
DA:168,0
DA:169,0
DA:170,0
DA:171,0
DA:172,0
DA:173,0
DA:174,0
DA:175,0
DA:176,0
DA:177,0
DA:178,0
DA:179,0
DA:180,0
DA:181,0
DA:182,0
DA:183,24
DA:184,24
DA:185,0
DA:186,0
DA:187,0
DA:188,0
DA:189,0
DA:190,0
DA:191,0
DA:192,0
DA:193,0
DA:194,0
DA:195,0
DA:196,0
DA:197,0
DA:198,0
DA:199,0
DA:200,0
DA:201,0
DA:202,0
DA:203,0
DA:204,0
DA:205,0
DA:206,0
DA:207,0
DA:208,0
DA:209,0
DA:210,0
DA:211,0
DA:212,0
DA:213,0
DA:214,0
DA:215,0
DA:216,0
DA:217,24
DA:218,24
DA:219,0
DA:220,0
DA:221,24
DA:222,24
DA:223,24
DA:224,24
DA:225,5
DA:226,5
DA:227,5
DA:228,5
DA:229,5
DA:230,5
DA:231,5
DA:232,5
DA:233,5
DA:234,5
DA:235,5
DA:236,5
DA:237,5
DA:238,5
DA:239,5
DA:240,5
DA:241,5
DA:242,5
DA:243,0
DA:244,0
DA:245,0
DA:246,0
DA:247,0
DA:248,0
DA:249,5
DA:250,5
DA:251,5
DA:252,5
DA:253,5
DA:254,5
DA:255,5
DA:256,5
DA:257,5
DA:258,5
DA:259,5
DA:260,5
DA:261,5
DA:262,5
DA:263,5
DA:264,5
DA:265,5
DA:266,5
DA:267,5
DA:268,5
DA:269,5
DA:270,5
DA:271,5
DA:272,5
DA:273,5
DA:274,5
DA:275,5
DA:276,5
DA:277,5
DA:278,5
DA:279,5
DA:280,5
DA:281,5
DA:282,5
DA:283,5
DA:284,5
DA:285,5
DA:286,5
DA:287,5
DA:288,0
DA:289,0
DA:290,5
DA:291,5
DA:292,5
DA:293,5
DA:294,5
DA:295,5
DA:296,5
DA:297,5
DA:298,0
DA:299,0
DA:300,0
DA:301,0
DA:302,0
DA:303,0
DA:304,0
DA:305,5
DA:306,24
DA:307,24
DA:308,5
DA:309,5
DA:310,24
DA:311,24
DA:312,5
DA:313,5
DA:314,5
DA:315,5
DA:316,5
DA:317,5
DA:318,5
DA:319,5
DA:320,5
DA:321,5
DA:322,5
DA:323,5
DA:324,5
DA:325,5
DA:326,10
DA:327,10
DA:328,10
DA:329,10
DA:330,10
DA:331,10
DA:332,5
DA:333,5
DA:334,10
DA:335,5
DA:336,5
DA:337,10
DA:338,10
DA:339,10
DA:340,10
DA:341,10
DA:342,10
DA:343,10
DA:344,10
DA:345,10
DA:346,10
DA:347,10
DA:348,10
DA:349,10
DA:350,10
DA:351,0
DA:352,0
DA:353,0
DA:354,0
DA:355,0
DA:356,0
DA:357,0
DA:358,0
DA:359,0
DA:360,0
DA:361,0
DA:362,0
DA:363,0
DA:364,0
DA:365,0
DA:366,0
DA:367,10
DA:368,0
DA:369,0
DA:370,0
DA:371,0
DA:372,10
DA:373,10
DA:374,10
DA:375,10
DA:376,0
DA:377,0
DA:378,0
DA:379,0
DA:380,0
DA:381,0
DA:382,0
DA:383,0
DA:384,0
DA:385,10
DA:386,10
DA:387,10
DA:388,10
DA:389,10
DA:390,10
DA:391,10
DA:392,10
DA:393,10
DA:394,10
DA:395,10
DA:396,10
DA:397,10
DA:398,10
DA:399,10
DA:400,10
DA:401,10
DA:402,10
DA:403,10
DA:404,10
DA:405,10
DA:406,10
DA:407,10
DA:408,10
DA:409,10
DA:410,10
DA:411,10
DA:412,10
DA:413,10
DA:414,10
DA:415,10
DA:416,10
DA:417,10
DA:418,10
DA:419,10
DA:420,10
DA:421,10
DA:422,10
DA:423,10
DA:424,10
DA:425,10
DA:426,10
DA:427,10
DA:428,10
DA:429,10
DA:430,10
DA:431,5
DA:432,5
DA:433,5
DA:434,24
DA:435,24
DA:436,5
DA:437,5
DA:438,5
DA:439,5
DA:440,5
DA:441,10
DA:442,10
DA:443,10
DA:444,0
DA:445,0
DA:446,0
DA:447,0
DA:448,0
DA:449,10
DA:450,10
DA:451,0
DA:452,0
DA:453,0
DA:454,0
DA:455,0
DA:456,0
DA:457,0
DA:458,0
DA:459,0
DA:460,0
DA:461,0
DA:462,0
DA:463,0
DA:464,0
DA:465,0
DA:466,0
DA:467,0
DA:468,0
DA:469,0
DA:470,0
DA:471,0
DA:472,10
DA:473,10
DA:474,10
DA:475,0
DA:476,0
DA:477,0
DA:478,0
DA:479,0
DA:480,0
DA:481,0
DA:482,0
DA:483,0
DA:484,0
DA:485,0
DA:486,0
DA:487,0
DA:488,0
DA:489,0
DA:490,0
DA:491,0
DA:492,0
DA:493,0
DA:494,0
DA:495,0
DA:496,0
DA:497,0
DA:498,0
DA:499,0
DA:500,0
DA:501,0
DA:502,10
DA:503,10
DA:504,5
DA:505,5
DA:506,5
DA:507,5
DA:508,5
DA:509,5
DA:510,5
DA:511,5
DA:512,5
DA:513,5
DA:514,5
DA:515,5
DA:516,5
DA:517,5
DA:518,5
DA:519,10
DA:520,0
DA:521,0
DA:522,0
DA:523,0
DA:524,0
DA:525,0
DA:526,0
DA:527,0
DA:528,0
DA:529,0
DA:530,0
DA:531,0
DA:532,0
DA:533,0
DA:534,0
DA:535,0
DA:536,0
DA:537,0
DA:538,0
DA:539,0
DA:540,0
DA:541,10
DA:542,0
DA:543,0
DA:544,10
DA:545,10
DA:546,5
DA:547,5
DA:548,5
DA:549,5
DA:550,5
DA:551,5
DA:552,5
DA:553,5
DA:554,5
DA:555,5
DA:556,5
DA:557,5
DA:558,5
DA:559,5
DA:560,5
DA:561,5
DA:562,5
DA:563,5
DA:564,5
DA:565,5
DA:566,24
DA:567,24
DA:568,5
DA:569,5
DA:570,5
DA:571,5
DA:572,5
DA:573,5
DA:574,5
DA:575,5
DA:576,5
DA:577,5
DA:578,5
DA:579,5
DA:580,5
DA:581,5
DA:582,5
DA:583,5
DA:584,5
DA:585,5
DA:586,0
DA:587,0
DA:588,0
DA:589,0
DA:590,0
DA:591,0
DA:592,0
DA:593,0
DA:594,0
DA:595,0
DA:596,5
DA:597,5
DA:598,5
DA:599,5
DA:600,0
DA:601,5
DA:602,5
DA:603,5
DA:604,5
DA:605,5
DA:606,5
DA:607,5
DA:608,5
DA:609,5
DA:610,5
DA:611,5
DA:612,5
DA:613,5
DA:614,5
DA:615,5
DA:616,5
DA:617,5
DA:618,5
DA:619,5
DA:620,5
DA:621,5
DA:622,5
DA:623,5
DA:624,5
DA:625,5
DA:626,5
DA:627,5
DA:628,5
DA:629,5
DA:630,0
DA:631,0
DA:632,0
DA:633,0
DA:634,0
DA:635,0
DA:636,0
DA:637,0
DA:638,0
DA:639,0
DA:640,0
DA:641,0
DA:642,0
DA:643,0
DA:644,0
DA:645,0
DA:646,0
DA:647,0
DA:648,0
DA:649,0
DA:650,0
DA:651,0
DA:652,0
DA:653,0
DA:654,0
DA:655,0
DA:656,0
DA:657,0
DA:658,0
DA:659,5
DA:660,5
DA:661,5
DA:662,5
DA:663,5
DA:664,5
DA:665,5
DA:666,5
DA:667,5
DA:668,5
DA:669,5
DA:670,5
DA:671,5
DA:672,5
DA:673,24
DA:674,24
DA:675,0
DA:676,0
DA:677,0
DA:678,0
DA:679,24
DA:680,24
DA:681,5
DA:682,5
DA:683,5
DA:684,5
DA:685,5
DA:686,5
DA:687,5
DA:688,10
DA:689,10
DA:690,0
DA:691,0
DA:692,0
DA:693,0
DA:694,0
DA:695,0
DA:696,0
DA:697,0
DA:698,10
DA:699,10
DA:700,10
DA:701,10
DA:702,10
DA:703,0
DA:704,0
DA:705,10
DA:706,10
DA:707,5
DA:708,5
DA:709,5
DA:710,5
DA:711,0
DA:712,0
DA:713,5
DA:714,5
DA:715,5
DA:716,5
DA:717,5
DA:718,5
DA:719,5
DA:720,5
DA:721,5
DA:722,24
DA:723,24
DA:724,24
DA:725,24
DA:726,80
DA:727,80
DA:728,80
DA:729,80
DA:730,0
DA:731,0
DA:732,80
DA:733,80
DA:734,80
DA:735,80
DA:736,80
DA:737,80
DA:738,80
DA:739,24
LF:739
LH:477
BRDA:17,0,0,3
BRDA:43,1,0,24
BRDA:46,2,0,21
BRDA:56,3,0,10
BRDA:75,4,0,5
BRDA:79,5,0,0
BRDA:95,6,0,10
BRDA:95,7,0,0
BRDA:121,8,0,1
BRDA:123,9,0,0
BRDA:127,10,0,0
BRDA:134,11,0,2
BRDA:136,12,0,1
BRDA:140,13,0,1
BRDA:144,14,0,1
BRDA:146,15,0,0
BRDA:149,16,0,0
BRDA:154,17,0,1
BRDA:224,18,0,5
BRDA:226,19,0,0
BRDA:242,20,0,0
BRDA:287,21,0,0
BRDA:297,22,0,0
BRDA:307,23,0,5
BRDA:311,24,0,5
BRDA:325,25,0,10
BRDA:327,26,0,0
BRDA:331,27,0,5
BRDA:331,28,0,5
BRDA:336,29,0,10
BRDA:347,30,0,0
BRDA:350,31,0,0
BRDA:367,32,0,0
BRDA:375,33,0,0
BRDA:329,34,0,15
BRDA:435,35,0,5
BRDA:440,36,0,10
BRDA:441,37,0,0
BRDA:443,38,0,0
BRDA:450,39,0,0
BRDA:474,40,0,0
BRDA:503,41,0,5
BRDA:519,42,0,0
BRDA:541,43,0,0
BRDA:545,44,0,5
BRDA:545,45,0,5
BRDA:505,46,0,5
BRDA:567,47,0,5
BRDA:585,48,0,0
BRDA:599,49,0,0
BRDA:616,50,0,0
BRDA:629,51,0,0
BRDA:597,52,0,5
BRDA:598,53,0,10
BRDA:680,54,0,5
BRDA:687,55,0,10
BRDA:688,56,0,0
BRDA:689,57,0,0
BRDA:701,58,0,0
BRDA:702,59,0,0
BRDA:710,60,0,0
BRDA:725,61,0,80
BRDA:729,62,0,0
BRF:63
BRH:32
end_of_record
TN:
SF:src\server\services\prompt-builder.ts
FN:14,__name
FN:96,<static_initializer>
FN:99,buildImagePrompt
FN:156,getNodeSummary
FN:170,getNodeKeyPoints
FN:176,getNodeHotspotHints
FN:187,getNodeVisualIntent
FN:191,getTopicGuidance
FN:220,getCanvasGuidance
FN:247,buildTransitionPrompt
FN:323,resolveTransitionDescriptionMode
FN:327,getManualTransitionDescription
FN:339,buildManualTransitionPlan
FN:356,planTransitionVisuals
FN:403,buildHotspotPositionCue
FN:418,normalizeTransitionStyle
FNF:16
FNH:13
FNDA:3,__name
FNDA:3,<static_initializer>
FNDA:10,buildImagePrompt
FNDA:50,getNodeSummary
FNDA:30,getNodeKeyPoints
FNDA:10,getNodeHotspotHints
FNDA:10,getNodeVisualIntent
FNDA:10,getTopicGuidance
FNDA:10,getCanvasGuidance
FNDA:5,buildTransitionPrompt
FNDA:5,resolveTransitionDescriptionMode
FNDA:0,getManualTransitionDescription
FNDA:0,buildManualTransitionPlan
FNDA:5,planTransitionVisuals
FNDA:0,buildHotspotPositionCue
FNDA:5,normalizeTransitionStyle
DA:1,1
DA:2,1
DA:3,1
DA:4,1
DA:5,1
DA:6,1
DA:7,1
DA:8,1
DA:9,1
DA:10,1
DA:11,1
DA:12,1
DA:13,1
DA:14,1
DA:15,1
DA:16,1
DA:17,1
DA:18,1
DA:19,1
DA:20,1
DA:21,1
DA:22,1
DA:23,1
DA:24,1
DA:25,1
DA:26,1
DA:27,1
DA:28,1
DA:29,1
DA:30,1
DA:31,1
DA:32,1
DA:33,1
DA:34,1
DA:35,1
DA:36,1
DA:37,1
DA:38,1
DA:39,1
DA:40,1
DA:41,1
DA:42,1
DA:43,1
DA:44,1
DA:45,1
DA:46,1
DA:47,1
DA:48,1
DA:49,1
DA:50,1
DA:51,1
DA:52,1
DA:53,1
DA:54,1
DA:55,1
DA:56,1
DA:57,1
DA:58,1
DA:59,1
DA:60,1
DA:61,1
DA:62,1
DA:63,1
DA:64,1
DA:65,1
DA:66,1
DA:67,1
DA:68,1
DA:69,1
DA:70,1
DA:71,1
DA:72,1
DA:73,1
DA:74,1
DA:75,1
DA:76,1
DA:77,1
DA:78,1
DA:79,1
DA:80,1
DA:81,1
DA:82,1
DA:83,1
DA:84,1
DA:85,1
DA:86,1
DA:87,1
DA:88,1
DA:89,1
DA:90,1
DA:91,1
DA:92,1
DA:93,1
DA:94,1
DA:95,1
DA:96,1
DA:97,3
DA:98,3
DA:99,3
DA:100,10
DA:101,10
DA:102,10
DA:103,10
DA:104,10
DA:105,10
DA:106,10
DA:107,10
DA:108,10
DA:109,10
DA:110,10
DA:111,10
DA:112,10
DA:113,10
DA:114,10
DA:115,10
DA:116,10
DA:117,10
DA:118,10
DA:119,10
DA:120,10
DA:121,10
DA:122,10
DA:123,10
DA:124,10
DA:125,10
DA:126,10
DA:127,10
DA:128,10
DA:129,10
DA:130,10
DA:131,10
DA:132,10
DA:133,10
DA:134,10
DA:135,10
DA:136,0
DA:137,0
DA:138,10
DA:139,0
DA:140,0
DA:141,10
DA:142,10
DA:143,10
DA:144,10
DA:145,10
DA:146,0
DA:147,0
DA:148,10
DA:149,10
DA:150,5
DA:151,5
DA:152,10
DA:153,10
DA:154,10
DA:155,3
DA:156,3
DA:157,50
DA:158,50
DA:159,50
DA:160,50
DA:161,50
DA:162,50
DA:163,50
DA:164,0
DA:165,0
DA:166,50
DA:167,50
DA:168,50
DA:169,3
DA:170,3
DA:171,30
DA:172,30
DA:173,30
DA:174,30
DA:175,3
DA:176,3
DA:177,10
DA:178,10
DA:179,10
DA:180,10
DA:181,10
DA:182,10
DA:183,10
DA:184,10
DA:185,10
DA:186,3
DA:187,3
DA:188,10
DA:189,10
DA:190,3
DA:191,3
DA:192,10
DA:193,10
DA:194,0
DA:195,0
DA:196,0
DA:197,0
DA:198,0
DA:199,0
DA:200,0
DA:201,0
DA:202,0
DA:203,0
DA:204,0
DA:205,0
DA:206,0
DA:207,0
DA:208,0
DA:209,0
DA:210,0
DA:211,10
DA:212,10
DA:213,10
DA:214,10
DA:215,10
DA:216,10
DA:217,10
DA:218,10
DA:219,3
DA:220,3
DA:221,10
DA:222,10
DA:223,10
DA:224,10
DA:225,10
DA:226,10
DA:227,10
DA:228,10
DA:229,10
DA:230,10
DA:231,10
DA:232,10
DA:233,0
DA:234,0
DA:235,0
DA:236,0
DA:237,0
DA:238,0
DA:239,0
DA:240,0
DA:241,0
DA:242,0
DA:243,10
DA:244,3
DA:245,3
DA:246,3
DA:247,3
DA:248,5
DA:249,5
DA:250,5
DA:251,5
DA:252,5
DA:253,5
DA:254,5
DA:255,5
DA:256,5
DA:257,5
DA:258,5
DA:259,5
DA:260,5
DA:261,5
DA:262,5
DA:263,5
DA:264,5
DA:265,5
DA:266,0
DA:267,5
DA:268,5
DA:269,5
DA:270,0
DA:271,5
DA:272,5
DA:273,5
DA:274,5
DA:275,5
DA:276,5
DA:277,5
DA:278,5
DA:279,5
DA:280,5
DA:281,5
DA:282,5
DA:283,5
DA:284,5
DA:285,5
DA:286,5
DA:287,5
DA:288,5
DA:289,5
DA:290,5
DA:291,5
DA:292,5
DA:293,5
DA:294,5
DA:295,5
DA:296,5
DA:297,5
DA:298,5
DA:299,5
DA:300,5
DA:301,5
DA:302,5
DA:303,5
DA:304,5
DA:305,5
DA:306,5
DA:307,5
DA:308,5
DA:309,5
DA:310,5
DA:311,0
DA:312,0
DA:313,5
DA:314,5
DA:315,5
DA:316,5
DA:317,5
DA:318,0
DA:319,0
DA:320,5
DA:321,5
DA:322,3
DA:323,3
DA:324,5
DA:325,5
DA:326,3
DA:327,3
DA:328,0
DA:329,0
DA:330,0
DA:331,0
DA:332,0
DA:333,0
DA:334,0
DA:335,0
DA:336,0
DA:337,0
DA:338,3
DA:339,3
DA:340,0
DA:341,0
DA:342,0
DA:343,0
DA:344,0
DA:345,0
DA:346,0
DA:347,0
DA:348,0
DA:349,0
DA:350,0
DA:351,0
DA:352,0
DA:353,0
DA:354,0
DA:355,3
DA:356,3
DA:357,5
DA:358,5
DA:359,5
DA:360,5
DA:361,5
DA:362,5
DA:363,5
DA:364,5
DA:365,5
DA:366,0
DA:367,0
DA:368,0
DA:369,0
DA:370,0
DA:371,0
DA:372,0
DA:373,0
DA:374,0
DA:375,0
DA:376,5
DA:377,5
DA:378,5
DA:379,5
DA:380,5
DA:381,5
DA:382,5
DA:383,5
DA:384,5
DA:385,5
DA:386,5
DA:387,5
DA:388,5
DA:389,5
DA:390,5
DA:391,5
DA:392,5
DA:393,0
DA:394,0
DA:395,0
DA:396,0
DA:397,0
DA:398,0
DA:399,0
DA:400,0
DA:401,5
DA:402,3
DA:403,3
DA:404,0
DA:405,0
DA:406,0
DA:407,0
DA:408,0
DA:409,0
DA:410,0
DA:411,0
DA:412,0
DA:413,0
DA:414,0
DA:415,0
DA:416,0
DA:417,3
DA:418,3
DA:419,5
DA:420,5
DA:421,5
DA:422,5
DA:423,0
DA:424,0
DA:425,0
DA:426,0
DA:427,0
DA:428,0
DA:429,0
DA:430,0
DA:431,0
DA:432,0
DA:433,0
DA:434,0
DA:435,0
DA:436,0
DA:437,0
DA:438,5
DA:439,3
LF:439
LH:327
BRDA:14,0,0,3
BRDA:96,1,0,3
BRDA:99,2,0,10
BRDA:101,3,0,0
BRDA:104,4,0,0
BRDA:104,5,0,0
BRDA:107,6,0,0
BRDA:110,7,0,0
BRDA:135,8,0,0
BRDA:138,9,0,0
BRDA:145,10,0,0
BRDA:149,11,0,5
BRDA:150,12,0,5
BRDA:156,13,0,50
BRDA:157,14,0,0
BRDA:158,15,0,0
BRDA:163,16,0,0
BRDA:167,17,0,0
BRDA:170,18,0,30
BRDA:176,19,0,10
BRDA:180,20,0,0
BRDA:182,21,0,0
BRDA:183,22,0,5
BRDA:187,23,0,10
BRDA:188,24,0,0
BRDA:188,25,0,0
BRDA:191,26,0,10
BRDA:193,27,0,0
BRDA:220,28,0,10
BRDA:232,29,0,0
BRDA:247,30,0,5
BRDA:254,31,0,0
BRDA:255,32,0,0
BRDA:256,33,0,0
BRDA:257,34,0,0
BRDA:258,35,0,0
BRDA:262,36,0,0
BRDA:265,37,0,0
BRDA:269,38,0,0
BRDA:269,39,0,0
BRDA:271,40,0,0
BRDA:271,41,0,0
BRDA:272,42,0,0
BRDA:273,43,0,0
BRDA:274,44,0,0
BRDA:275,45,0,0
BRDA:276,46,0,0
BRDA:277,47,0,0
BRDA:278,48,0,0
BRDA:284,49,0,0
BRDA:286,50,0,0
BRDA:296,51,0,0
BRDA:297,52,0,0
BRDA:298,53,0,0
BRDA:299,54,0,0
BRDA:300,55,0,0
BRDA:301,56,0,0
BRDA:302,57,0,0
BRDA:303,58,0,0
BRDA:310,59,0,0
BRDA:317,60,0,0
BRDA:267,61,0,5
BRDA:323,62,0,5
BRDA:324,63,0,0
BRDA:356,64,0,5
BRDA:365,65,0,0
BRDA:380,66,0,0
BRDA:392,67,0,0
BRDA:418,68,0,5
BRDA:419,69,0,0
BRDA:422,70,0,0
BRF:71
BRH:17
end_of_record
TN:
SF:src\server\services\regenerator.ts
FN:9,__name
FN:32,regenerateHotspots
FN:142,runRegenerateNode
FN:212,resolveVideoFrameNodeId
FN:218,runRegenerateEdge
FNF:5
FNH:1
FNDA:12,__name
FNDA:0,regenerateHotspots
FNDA:0,runRegenerateNode
FNDA:0,resolveVideoFrameNodeId
FNDA:0,runRegenerateEdge
DA:1,1
DA:2,1
DA:3,1
DA:4,1
DA:5,1
DA:6,1
DA:7,1
DA:8,1
DA:9,1
DA:10,1
DA:11,1
DA:12,1
DA:13,1
DA:14,1
DA:15,1
DA:16,1
DA:17,1
DA:18,1
DA:19,1
DA:20,1
DA:21,1
DA:22,1
DA:23,1
DA:24,1
DA:25,1
DA:26,1
DA:27,1
DA:28,1
DA:29,1
DA:30,1
DA:31,1
DA:32,0
DA:33,0
DA:34,0
DA:35,0
DA:36,0
DA:37,0
DA:38,0
DA:39,0
DA:40,0
DA:41,0
DA:42,0
DA:43,0
DA:44,0
DA:45,0
DA:46,0
DA:47,0
DA:48,0
DA:49,0
DA:50,0
DA:51,0
DA:52,0
DA:53,0
DA:54,0
DA:55,0
DA:56,0
DA:57,0
DA:58,0
DA:59,0
DA:60,0
DA:61,0
DA:62,0
DA:63,0
DA:64,0
DA:65,0
DA:66,0
DA:67,0
DA:68,0
DA:69,0
DA:70,0
DA:71,0
DA:72,0
DA:73,0
DA:74,0
DA:75,0
DA:76,0
DA:77,0
DA:78,0
DA:79,0
DA:80,0
DA:81,0
DA:82,0
DA:83,0
DA:84,0
DA:85,0
DA:86,0
DA:87,0
DA:88,0
DA:89,0
DA:90,0
DA:91,0
DA:92,0
DA:93,0
DA:94,0
DA:95,0
DA:96,0
DA:97,0
DA:98,0
DA:99,0
DA:100,0
DA:101,0
DA:102,0
DA:103,0
DA:104,0
DA:105,0
DA:106,0
DA:107,0
DA:108,0
DA:109,0
DA:110,0
DA:111,0
DA:112,0
DA:113,0
DA:114,0
DA:115,0
DA:116,0
DA:117,0
DA:118,0
DA:119,0
DA:120,0
DA:121,0
DA:122,0
DA:123,0
DA:124,0
DA:125,0
DA:126,0
DA:127,0
DA:128,0
DA:129,0
DA:130,0
DA:131,0
DA:132,0
DA:133,0
DA:134,0
DA:135,0
DA:136,0
DA:137,0
DA:138,0
DA:139,0
DA:140,0
DA:141,1
DA:142,0
DA:143,0
DA:144,0
DA:145,0
DA:146,0
DA:147,0
DA:148,0
DA:149,0
DA:150,0
DA:151,0
DA:152,0
DA:153,0
DA:154,0
DA:155,0
DA:156,0
DA:157,0
DA:158,0
DA:159,0
DA:160,0
DA:161,0
DA:162,0
DA:163,0
DA:164,0
DA:165,0
DA:166,0
DA:167,0
DA:168,0
DA:169,0
DA:170,0
DA:171,0
DA:172,0
DA:173,0
DA:174,0
DA:175,0
DA:176,0
DA:177,0
DA:178,0
DA:179,0
DA:180,0
DA:181,0
DA:182,0
DA:183,0
DA:184,0
DA:185,0
DA:186,0
DA:187,0
DA:188,0
DA:189,0
DA:190,0
DA:191,0
DA:192,0
DA:193,0
DA:194,0
DA:195,0
DA:196,0
DA:197,0
DA:198,0
DA:199,0
DA:200,0
DA:201,0
DA:202,0
DA:203,0
DA:204,0
DA:205,0
DA:206,0
DA:207,0
DA:208,0
DA:209,0
DA:210,0
DA:211,1
DA:212,0
DA:213,0
DA:214,0
DA:215,0
DA:216,0
DA:217,1
DA:218,0
DA:219,0
DA:220,0
DA:221,0
DA:222,0
DA:223,0
DA:224,0
DA:225,0
DA:226,0
DA:227,0
DA:228,0
DA:229,0
DA:230,0
DA:231,0
DA:232,0
DA:233,0
DA:234,0
DA:235,0
DA:236,0
DA:237,0
DA:238,0
DA:239,0
DA:240,0
DA:241,0
DA:242,0
DA:243,0
DA:244,0
DA:245,0
DA:246,0
DA:247,0
DA:248,0
DA:249,0
DA:250,0
DA:251,0
DA:252,0
DA:253,0
DA:254,0
DA:255,0
DA:256,0
DA:257,0
DA:258,0
DA:259,0
DA:260,0
DA:261,0
DA:262,0
DA:263,0
DA:264,0
DA:265,0
DA:266,0
DA:267,0
DA:268,0
DA:269,0
DA:270,0
DA:271,0
DA:272,0
DA:273,0
DA:274,0
DA:275,0
DA:276,0
DA:277,0
DA:278,0
DA:279,0
DA:280,0
DA:281,0
DA:282,0
DA:283,0
DA:284,0
DA:285,0
DA:286,0
DA:287,0
DA:288,0
DA:289,0
DA:290,0
DA:291,0
DA:292,0
DA:293,0
DA:294,0
DA:295,0
DA:296,0
DA:297,0
DA:298,0
DA:299,0
DA:300,0
DA:301,0
DA:302,0
DA:303,0
DA:304,0
DA:305,0
DA:306,0
DA:307,0
DA:308,0
DA:309,0
DA:310,0
DA:311,0
DA:312,0
DA:313,0
DA:314,0
DA:315,0
DA:316,0
DA:317,0
DA:318,0
DA:319,0
DA:320,0
DA:321,0
DA:322,0
DA:323,0
DA:324,0
DA:325,0
DA:326,0
DA:327,0
DA:328,0
DA:329,0
DA:330,0
DA:331,0
DA:332,0
DA:333,0
DA:334,0
DA:335,0
DA:336,0
DA:337,0
DA:338,0
DA:339,0
DA:340,0
DA:341,0
DA:342,0
DA:343,0
DA:344,0
DA:345,0
DA:346,0
DA:347,0
DA:348,0
LF:348
LH:34
BRDA:9,0,0,12
BRF:1
BRH:1
end_of_record
TN:
SF:src\server\services\runtime-bundle.ts
FN:7,__name
FN:20,<instance_members_initializer>
FN:21,RuntimeBundleGenerator
FN:23,buildRuntimeBundle
FN:106,copyHtmlRuntimeVendorAssets
FN:164,copyHtmlReferencedAssetDirectories
FN:191,copyThreeRuntimeModuleGraph
FN:235,extractThreeAddonModulePathsFromHtml
FN:247,extractJavascriptModuleSpecifiers
FN:262,resolveJavascriptModulePath
FN:277,buildRuntimeBundleManifest
FN:355,resolveNodeImageFileName
FN:372,buildManifestFromWorkspace
FN:461,resolveNodeHtmlAssetPath
FN:476,resolveNodeImageAssetPath
FN:491,resolveEdgeVideoAssetPath
FN:504,findNodeAssetPath
FN:519,findEdgeAssetPath
FN:534,findExistingAssetPath
FN:543,buildCandidateFileNames
FN:557,extractAssetFileName
FN:565,buildRuntimeIndexHtml
FN:602,buildRuntimeStyles
FN:652,buildPlayerHostScript
FN:665,buildRuntimeScript
FN:790,escapeHtml
FNF:26
FNH:17
FNDA:3,__name
FNDA:24,<instance_members_initializer>
FNDA:21,RuntimeBundleGenerator
FNDA:1,buildRuntimeBundle
FNDA:1,copyHtmlRuntimeVendorAssets
FNDA:1,copyHtmlReferencedAssetDirectories
FNDA:0,copyThreeRuntimeModuleGraph
FNDA:0,extractThreeAddonModulePathsFromHtml
FNDA:0,extractJavascriptModuleSpecifiers
FNDA:0,resolveJavascriptModulePath
FNDA:1,buildRuntimeBundleManifest
FNDA:2,resolveNodeImageFileName
FNDA:1,buildManifestFromWorkspace
FNDA:5,resolveNodeHtmlAssetPath
FNDA:1,resolveNodeImageAssetPath
FNDA:1,resolveEdgeVideoAssetPath
FNDA:1,findNodeAssetPath
FNDA:1,findEdgeAssetPath
FNDA:2,findExistingAssetPath
FNDA:1,buildCandidateFileNames
FNDA:2,extractAssetFileName
FNDA:0,buildRuntimeIndexHtml
FNDA:0,buildRuntimeStyles
FNDA:0,buildPlayerHostScript
FNDA:0,buildRuntimeScript
FNDA:0,escapeHtml
DA:1,1
DA:2,1
DA:3,1
DA:4,1
DA:5,1
DA:6,1
DA:7,1
DA:8,1
DA:9,1
DA:10,1
DA:11,1
DA:12,1
DA:13,1
DA:14,1
DA:15,1
DA:16,1
DA:17,1
DA:18,1
DA:19,1
DA:20,1
DA:21,24
DA:22,24
DA:23,24
DA:24,1
DA:25,1
DA:26,1
DA:27,1
DA:28,1
DA:29,1
DA:30,1
DA:31,1
DA:32,1
DA:33,1
DA:34,1
DA:35,1
DA:36,1
DA:37,1
DA:38,1
DA:39,1
DA:40,1
DA:41,1
DA:42,1
DA:43,1
DA:44,1
DA:45,1
DA:46,1
DA:47,1
DA:48,1
DA:49,1
DA:50,1
DA:51,1
DA:52,1
DA:53,1
DA:54,1
DA:55,0
DA:56,0
DA:57,0
DA:58,0
DA:59,0
DA:60,0
DA:61,0
DA:62,0
DA:63,0
DA:64,0
DA:65,0
DA:66,0
DA:67,0
DA:68,0
DA:69,0
DA:70,0
DA:71,0
DA:72,0
DA:73,1
DA:74,1
DA:75,1
DA:76,1
DA:77,1
DA:78,1
DA:79,1
DA:80,1
DA:81,1
DA:82,1
DA:83,1
DA:84,1
DA:85,1
DA:86,1
DA:87,1
DA:88,1
DA:89,1
DA:90,1
DA:91,1
DA:92,1
DA:93,1
DA:94,1
DA:95,1
DA:96,1
DA:97,1
DA:98,1
DA:99,1
DA:100,1
DA:101,1
DA:102,1
DA:103,1
DA:104,1
DA:105,24
DA:106,24
DA:107,1
DA:108,1
DA:109,1
DA:110,1
DA:111,1
DA:112,1
DA:113,2
DA:114,2
DA:115,2
DA:116,0
DA:117,0
DA:118,0
DA:119,0
DA:120,0
DA:121,0
DA:122,2
DA:123,1
DA:124,1
DA:125,1
DA:126,1
DA:127,1
DA:128,1
DA:129,0
DA:130,0
DA:131,0
DA:132,0
DA:133,0
DA:134,0
DA:135,0
DA:136,0
DA:137,0
DA:138,0
DA:139,0
DA:140,0
DA:141,0
DA:142,0
DA:143,0
DA:144,0
DA:145,0
DA:146,0
DA:147,0
DA:148,0
DA:149,0
DA:150,0
DA:151,0
DA:152,0
DA:153,0
DA:154,0
DA:155,0
DA:156,0
DA:157,0
DA:158,0
DA:159,0
DA:160,0
DA:161,0
DA:162,1
DA:163,24
DA:164,24
DA:165,1
DA:166,1
DA:167,1
DA:168,1
DA:169,1
DA:170,1
DA:171,2
DA:172,2
DA:173,2
DA:174,0
DA:175,0
DA:176,0
DA:177,0
DA:178,0
DA:179,0
DA:180,0
DA:181,0
DA:182,0
DA:183,0
DA:184,0
DA:185,0
DA:186,0
DA:187,0
DA:188,0
DA:189,1
DA:190,24
DA:191,24
DA:192,0
DA:193,0
DA:194,0
DA:195,0
DA:196,0
DA:197,0
DA:198,0
DA:199,0
DA:200,0
DA:201,0
DA:202,0
DA:203,0
DA:204,0
DA:205,0
DA:206,0
DA:207,0
DA:208,0
DA:209,0
DA:210,0
DA:211,0
DA:212,0
DA:213,0
DA:214,0
DA:215,0
DA:216,0
DA:217,0
DA:218,0
DA:219,0
DA:220,0
DA:221,0
DA:222,0
DA:223,0
DA:224,0
DA:225,0
DA:226,0
DA:227,0
DA:228,0
DA:229,0
DA:230,0
DA:231,0
DA:232,0
DA:233,0
DA:234,24
DA:235,24
DA:236,0
DA:237,0
DA:238,0
DA:239,0
DA:240,0
DA:241,0
DA:242,0
DA:243,0
DA:244,0
DA:245,0
DA:246,24
DA:247,24
DA:248,0
DA:249,0
DA:250,0
DA:251,0
DA:252,0
DA:253,0
DA:254,0
DA:255,0
DA:256,0
DA:257,0
DA:258,0
DA:259,0
DA:260,0
DA:261,24
DA:262,24
DA:263,0
DA:264,0
DA:265,0
DA:266,0
DA:267,0
DA:268,0
DA:269,0
DA:270,0
DA:271,0
DA:272,0
DA:273,0
DA:274,0
DA:275,0
DA:276,24
DA:277,24
DA:278,1
DA:279,1
DA:280,1
DA:281,1
DA:282,1
DA:283,1
DA:284,1
DA:285,1
DA:286,1
DA:287,1
DA:288,0
DA:289,0
DA:290,0
DA:291,0
DA:292,0
DA:293,0
DA:294,0
DA:295,0
DA:296,0
DA:297,0
DA:298,1
DA:299,1
DA:300,0
DA:301,0
DA:302,0
DA:303,0
DA:304,0
DA:305,0
DA:306,0
DA:307,0
DA:308,0
DA:309,0
DA:310,0
DA:311,1
DA:312,1
DA:313,1
DA:314,1
DA:315,1
DA:316,0
DA:317,0
DA:318,0
DA:319,1
DA:320,1
DA:321,1
DA:322,0
DA:323,0
DA:324,0
DA:325,0
DA:326,0
DA:327,0
DA:328,0
DA:329,0
DA:330,0
DA:331,0
DA:332,0
DA:333,1
DA:334,1
DA:335,1
DA:336,1
DA:337,0
DA:338,0
DA:339,0
DA:340,0
DA:341,0
DA:342,0
DA:343,0
DA:344,0
DA:345,0
DA:346,0
DA:347,0
DA:348,0
DA:349,0
DA:350,0
DA:351,0
DA:352,1
DA:353,24
DA:354,24
DA:355,24
DA:356,2
DA:357,16
DA:358,16
DA:359,16
DA:360,2
DA:361,2
DA:362,2
DA:363,2
DA:364,2
DA:365,16
DA:366,16
DA:367,16
DA:368,2
DA:369,2
DA:370,2
DA:371,24
DA:372,24
DA:373,1
DA:374,1
DA:375,1
DA:376,2
DA:377,2
DA:378,2
DA:379,2
DA:380,0
DA:381,0
DA:382,0
DA:383,0
DA:384,0
DA:385,0
DA:386,0
DA:387,0
DA:388,0
DA:389,0
DA:390,0
DA:391,0
DA:392,0
DA:393,0
DA:394,0
DA:395,0
DA:396,0
DA:397,0
DA:398,0
DA:399,0
DA:400,0
DA:401,0
DA:402,0
DA:403,0
DA:404,2
DA:405,2
DA:406,2
DA:407,2
DA:408,2
DA:409,2
DA:410,2
DA:411,2
DA:412,0
DA:413,2
DA:414,2
DA:415,2
DA:416,1
DA:417,1
DA:418,1
DA:419,1
DA:420,1
DA:421,1
DA:422,1
DA:423,1
DA:424,2
DA:425,2
DA:426,1
DA:427,1
DA:428,1
DA:429,1
DA:430,1
DA:431,1
DA:432,1
DA:433,1
DA:434,1
DA:435,1
DA:436,1
DA:437,1
DA:438,1
DA:439,1
DA:440,1
DA:441,1
DA:442,1
DA:443,1
DA:444,1
DA:445,1
DA:446,1
DA:447,1
DA:448,1
DA:449,1
DA:450,1
DA:451,1
DA:452,1
DA:453,1
DA:454,1
DA:455,1
DA:456,1
DA:457,1
DA:458,1
DA:459,1
DA:460,24
DA:461,24
DA:462,5
DA:463,5
DA:464,5
DA:465,5
DA:466,5
DA:467,5
DA:468,0
DA:469,0
DA:470,0
DA:471,0
DA:472,5
DA:473,24
DA:474,24
DA:475,24
DA:476,24
DA:477,1
DA:478,1
DA:479,1
DA:480,1
DA:481,1
DA:482,1
DA:483,1
DA:484,1
DA:485,8
DA:486,8
DA:487,8
DA:488,1
DA:489,1
DA:490,24
DA:491,24
DA:492,1
DA:493,1
DA:494,1
DA:495,1
DA:496,1
DA:497,1
DA:498,1
DA:499,1
DA:500,1
DA:501,1
DA:502,1
DA:503,24
DA:504,24
DA:505,1
DA:506,1
DA:507,1
DA:508,1
DA:509,1
DA:510,1
DA:511,0
DA:512,0
DA:513,0
DA:514,0
DA:515,1
DA:516,1
DA:517,1
DA:518,24
DA:519,24
DA:520,1
DA:521,1
DA:522,1
DA:523,1
DA:524,1
DA:525,1
DA:526,0
DA:527,0
DA:528,0
DA:529,0
DA:530,1
DA:531,1
DA:532,1
DA:533,24
DA:534,24
DA:535,2
DA:536,10
DA:537,0
DA:538,0
DA:539,10
DA:540,2
DA:541,2
DA:542,24
DA:543,24
DA:544,1
DA:545,1
DA:546,1
DA:547,0
DA:548,0
DA:549,1
DA:550,2
DA:551,2
DA:552,2
DA:553,2
DA:554,1
DA:555,1
DA:556,24
DA:557,24
DA:558,2
DA:559,2
DA:560,2
DA:561,2
DA:562,2
DA:563,2
DA:564,24
DA:565,24
DA:566,0
DA:567,0
DA:568,0
DA:569,0
DA:570,0
DA:571,0
DA:572,0
DA:573,0
DA:574,0
DA:575,0
DA:576,0
DA:577,0
DA:578,0
DA:579,0
DA:580,0
DA:581,0
DA:582,0
DA:583,0
DA:584,0
DA:585,0
DA:586,0
DA:587,0
DA:588,0
DA:589,0
DA:590,0
DA:591,0
DA:592,0
DA:593,0
DA:594,0
DA:595,0
DA:596,0
DA:597,0
DA:598,0
DA:599,0
DA:600,0
DA:601,24
DA:602,24
DA:603,0
DA:604,0
DA:605,0
DA:606,0
DA:607,0
DA:608,0
DA:609,0
DA:610,0
DA:611,0
DA:612,0
DA:613,0
DA:614,0
DA:615,0
DA:616,0
DA:617,0
DA:618,0
DA:619,0
DA:620,0
DA:621,0
DA:622,0
DA:623,0
DA:624,0
DA:625,0
DA:626,0
DA:627,0
DA:628,0
DA:629,0
DA:630,0
DA:631,0
DA:632,0
DA:633,0
DA:634,0
DA:635,0
DA:636,0
DA:637,0
DA:638,0
DA:639,0
DA:640,0
DA:641,0
DA:642,0
DA:643,0
DA:644,0
DA:645,0
DA:646,0
DA:647,0
DA:648,0
DA:649,0
DA:650,24
DA:651,24
DA:652,24
DA:653,0
DA:654,0
DA:655,0
DA:656,0
DA:657,0
DA:658,0
DA:659,0
DA:660,0
DA:661,0
DA:662,0
DA:663,0
DA:664,24
DA:665,24
DA:666,0
DA:667,0
DA:668,0
DA:669,0
DA:670,0
DA:671,0
DA:672,0
DA:673,0
DA:674,0
DA:675,0
DA:676,0
DA:677,0
DA:678,0
DA:679,0
DA:680,0
DA:681,0
DA:682,0
DA:683,0
DA:684,0
DA:685,0
DA:686,0
DA:687,0
DA:688,0
DA:689,0
DA:690,0
DA:691,0
DA:692,0
DA:693,0
DA:694,0
DA:695,0
DA:696,0
DA:697,0
DA:698,0
DA:699,0
DA:700,0
DA:701,0
DA:702,0
DA:703,0
DA:704,0
DA:705,0
DA:706,0
DA:707,0
DA:708,0
DA:709,0
DA:710,0
DA:711,0
DA:712,0
DA:713,0
DA:714,0
DA:715,0
DA:716,0
DA:717,0
DA:718,0
DA:719,0
DA:720,0
DA:721,0
DA:722,0
DA:723,0
DA:724,0
DA:725,0
DA:726,0
DA:727,0
DA:728,0
DA:729,0
DA:730,0
DA:731,0
DA:732,0
DA:733,0
DA:734,0
DA:735,0
DA:736,0
DA:737,0
DA:738,0
DA:739,0
DA:740,0
DA:741,0
DA:742,0
DA:743,0
DA:744,0
DA:745,0
DA:746,0
DA:747,0
DA:748,0
DA:749,0
DA:750,0
DA:751,0
DA:752,0
DA:753,0
DA:754,0
DA:755,0
DA:756,0
DA:757,0
DA:758,0
DA:759,0
DA:760,0
DA:761,0
DA:762,0
DA:763,0
DA:764,0
DA:765,0
DA:766,0
DA:767,0
DA:768,0
DA:769,0
DA:770,0
DA:771,0
DA:772,0
DA:773,0
DA:774,0
DA:775,0
DA:776,0
DA:777,0
DA:778,0
DA:779,0
DA:780,0
DA:781,0
DA:782,0
DA:783,0
DA:784,0
DA:785,0
DA:786,0
DA:787,0
DA:788,0
DA:789,24
DA:790,24
DA:791,0
DA:792,0
DA:793,0
DA:794,0
DA:795,0
DA:796,0
DA:797,0
DA:798,24
LF:798
LH:334
BRDA:7,0,0,3
BRDA:20,1,0,24
BRDA:21,2,0,21
BRDA:23,3,0,1
BRDA:25,4,0,0
BRDA:54,5,0,0
BRDA:106,6,0,1
BRDA:128,7,0,0
BRDA:112,8,0,2
BRDA:115,9,0,0
BRDA:122,10,0,0
BRDA:164,11,0,1
BRDA:170,12,0,2
BRDA:173,13,0,0
BRDA:277,14,0,1
BRDA:336,15,0,0
BRDA:282,16,0,1
BRDA:283,17,0,0
BRDA:287,18,0,0
BRDA:299,19,0,0
BRDA:312,20,0,0
BRDA:315,21,0,0
BRDA:355,22,0,2
BRDA:356,23,0,16
BRDA:358,24,0,0
BRDA:364,25,0,16
BRDA:366,26,0,0
BRDA:372,27,0,1
BRDA:437,28,0,2
BRDA:375,29,0,2
BRDA:376,30,0,0
BRDA:379,31,0,0
BRDA:411,32,0,0
BRDA:415,33,0,0
BRDA:415,34,0,1
BRDA:428,35,0,1
BRDA:432,36,0,0
BRDA:461,37,0,5
BRDA:467,38,0,0
BRDA:476,39,0,1
BRDA:484,40,0,8
BRDA:486,41,0,7
BRDA:491,42,0,1
BRDA:504,43,0,1
BRDA:510,44,0,0
BRDA:510,45,0,8
BRDA:519,46,0,1
BRDA:525,47,0,0
BRDA:525,48,0,2
BRDA:534,49,0,2
BRDA:535,50,0,10
BRDA:536,51,0,0
BRDA:543,52,0,1
BRDA:546,53,0,0
BRDA:549,54,0,2
BRDA:557,55,0,2
BRDA:558,56,0,1
BRDA:559,57,0,0
BRDA:560,58,0,0
BRDA:561,59,0,1
BRDA:561,60,0,0
BRDA:562,61,0,0
BRF:62
BRH:34
end_of_record
TN:
SF:src\server\storage\fs-repository.ts
FN:8,__name
FN:20,<instance_members_initializer>
FN:28,FsRepository
FN:39,ensureDirs
FN:45,loadAllFromDisk
FN:50,refresh
FN:56,loadGuidesFromDisk
FN:84,loadGeneratesFromDisk
FN:104,loadAllGuides
FN:108,saveGuide
FN:122,deleteGuide
FN:136,loadAllGenerates
FN:140,saveGenerateRecord
FN:147,loadGenerateRecord
FN:151,saveNodeRecord
FN:157,saveEdgeRecord
FN:163,saveHotspotRecord
FN:171,writeJson
FN:177,readJson
FN:188,writeFile
FN:194,readFile
FN:200,fileExists
FN:204,copyFile
FN:211,copyDir
FN:227,ensureDir
FN:231,deleteDir
FN:240,resolveDataPath
FN:245,manifestToGuide
FN:320,guideToManifest
FNF:29
FNH:26
FNDA:5,__name
FNDA:52,<instance_members_initializer>
FNDA:47,FsRepository
FNDA:47,ensureDirs
FNDA:107,loadAllFromDisk
FNDA:60,refresh
FNDA:107,loadGuidesFromDisk
FNDA:107,loadGeneratesFromDisk
FNDA:53,loadAllGuides
FNDA:14,saveGuide
FNDA:3,deleteGuide
FNDA:29,loadAllGenerates
FNDA:61,saveGenerateRecord
FNDA:15,loadGenerateRecord
FNDA:10,saveNodeRecord
FNDA:5,saveEdgeRecord
FNDA:0,saveHotspotRecord
FNDA:135,writeJson
FNDA:24,readJson
FNDA:4,writeFile
FNDA:17,readFile
FNDA:366,fileExists
FNDA:10,copyFile
FNDA:2,copyDir
FNDA:26,ensureDir
FNDA:0,deleteDir
FNDA:584,resolveDataPath
FNDA:0,manifestToGuide
FNDA:14,guideToManifest
DA:1,1
DA:2,1
DA:3,1
DA:4,1
DA:5,1
DA:6,1
DA:7,1
DA:8,1
DA:9,1
DA:10,1
DA:11,1
DA:12,1
DA:13,1
DA:14,1
DA:15,1
DA:16,1
DA:17,1
DA:18,1
DA:19,1
DA:20,1
DA:21,52
DA:22,52
DA:23,52
DA:24,52
DA:25,52
DA:26,52
DA:27,52
DA:28,52
DA:29,47
DA:30,47
DA:31,47
DA:32,47
DA:33,47
DA:34,47
DA:35,47
DA:36,52
DA:37,52
DA:38,52
DA:39,52
DA:40,47
DA:41,141
DA:42,141
DA:43,47
DA:44,52
DA:45,52
DA:46,107
DA:47,107
DA:48,107
DA:49,52
DA:50,52
DA:51,60
DA:52,60
DA:53,60
DA:54,60
DA:55,52
DA:56,52
DA:57,107
DA:58,107
DA:59,107
DA:60,80
DA:61,80
DA:62,80
DA:63,80
DA:64,80
DA:65,80
DA:66,80
DA:67,80
DA:68,80
DA:69,0
DA:70,0
DA:71,80
DA:72,80
DA:73,0
DA:74,0
DA:75,0
DA:76,0
DA:77,0
DA:78,0
DA:79,0
DA:80,80
DA:81,107
DA:82,107
DA:83,52
DA:84,52
DA:85,107
DA:86,107
DA:87,107
DA:88,0
DA:89,0
DA:90,0
DA:91,0
DA:92,0
DA:93,0
DA:94,0
DA:95,0
DA:96,0
DA:97,0
DA:98,0
DA:99,0
DA:100,107
DA:101,52
DA:102,52
DA:103,52
DA:104,52
DA:105,53
DA:106,53
DA:107,52
DA:108,52
DA:109,14
DA:110,14
DA:111,14
DA:112,14
DA:113,14
DA:114,14
DA:115,14
DA:116,14
DA:117,14
DA:118,14
DA:119,14
DA:120,14
DA:121,52
DA:122,52
DA:123,3
DA:124,3
DA:125,3
DA:126,3
DA:127,3
DA:128,3
DA:129,3
DA:130,0
DA:131,0
DA:132,3
DA:133,52
DA:134,52
DA:135,52
DA:136,52
DA:137,29
DA:138,29
DA:139,52
DA:140,52
DA:141,61
DA:142,61
DA:143,61
DA:144,61
DA:145,61
DA:146,52
DA:147,52
DA:148,15
DA:149,15
DA:150,52
DA:151,52
DA:152,10
DA:153,10
DA:154,10
DA:155,10
DA:156,52
DA:157,52
DA:158,5
DA:159,5
DA:160,5
DA:161,5
DA:162,52
DA:163,52
DA:164,0
DA:165,0
DA:166,0
DA:167,0
DA:168,52
DA:169,52
DA:170,52
DA:171,52
DA:172,135
DA:173,135
DA:174,135
DA:175,135
DA:176,52
DA:177,52
DA:178,24
DA:179,24
DA:180,23
DA:181,9
DA:182,9
DA:183,24
DA:184,0
DA:185,0
DA:186,24
DA:187,52
DA:188,52
DA:189,4
DA:190,4
DA:191,4
DA:192,4
DA:193,52
DA:194,52
DA:195,17
DA:196,17
DA:197,16
DA:198,17
DA:199,52
DA:200,52
DA:201,366
DA:202,366
DA:203,52
DA:204,52
DA:205,10
DA:206,10
DA:207,10
DA:208,10
DA:209,10
DA:210,52
DA:211,52
DA:212,2
DA:213,2
DA:214,2
DA:215,0
DA:216,0
DA:217,0
DA:218,0
DA:219,0
DA:220,0
DA:221,0
DA:222,0
DA:223,0
DA:224,0
DA:225,2
DA:226,52
DA:227,52
DA:228,26
DA:229,26
DA:230,52
DA:231,52
DA:232,0
DA:233,0
DA:234,0
DA:235,0
DA:236,0
DA:237,52
DA:238,52
DA:239,52
DA:240,52
DA:241,584
DA:242,584
DA:243,584
DA:244,52
DA:245,52
DA:246,0
DA:247,0
DA:248,0
DA:249,0
DA:250,0
DA:251,0
DA:252,0
DA:253,0
DA:254,0
DA:255,0
DA:256,0
DA:257,0
DA:258,0
DA:259,0
DA:260,0
DA:261,0
DA:262,0
DA:263,0
DA:264,0
DA:265,0
DA:266,0
DA:267,0
DA:268,0
DA:269,0
DA:270,0
DA:271,0
DA:272,0
DA:273,0
DA:274,0
DA:275,0
DA:276,0
DA:277,0
DA:278,0
DA:279,0
DA:280,0
DA:281,0
DA:282,0
DA:283,0
DA:284,0
DA:285,0
DA:286,0
DA:287,0
DA:288,0
DA:289,0
DA:290,0
DA:291,0
DA:292,0
DA:293,0
DA:294,0
DA:295,0
DA:296,0
DA:297,0
DA:298,0
DA:299,0
DA:300,0
DA:301,0
DA:302,0
DA:303,0
DA:304,0
DA:305,0
DA:306,0
DA:307,0
DA:308,0
DA:309,0
DA:310,0
DA:311,0
DA:312,0
DA:313,0
DA:314,0
DA:315,0
DA:316,0
DA:317,0
DA:318,0
DA:319,52
DA:320,52
DA:321,14
DA:322,26
DA:323,26
DA:324,26
DA:325,26
DA:326,26
DA:327,26
DA:328,26
DA:329,26
DA:330,26
DA:331,26
DA:332,26
DA:333,26
DA:334,26
DA:335,7
DA:336,7
DA:337,7
DA:338,7
DA:339,7
DA:340,7
DA:341,7
DA:342,7
DA:343,26
DA:344,26
DA:345,26
DA:346,26
DA:347,26
DA:348,26
DA:349,26
DA:350,26
DA:351,26
DA:352,26
DA:353,26
DA:354,14
DA:355,14
DA:356,12
DA:357,12
DA:358,12
DA:359,12
DA:360,12
DA:361,12
DA:362,12
DA:363,12
DA:364,12
DA:365,12
DA:366,12
DA:367,12
DA:368,12
DA:369,12
DA:370,12
DA:371,12
DA:372,12
DA:373,12
DA:374,14
DA:375,14
DA:376,14
DA:377,14
DA:378,14
DA:379,14
DA:380,14
DA:381,14
DA:382,14
DA:383,14
DA:384,14
DA:385,14
DA:386,14
DA:387,14
DA:388,14
DA:389,14
DA:390,14
DA:391,14
DA:392,14
DA:393,14
DA:394,14
DA:395,14
DA:396,14
DA:397,14
DA:398,14
DA:399,14
DA:400,14
DA:401,14
DA:402,14
DA:403,52
LF:403
LH:286
BRDA:8,0,0,5
BRDA:20,1,0,52
BRDA:28,2,0,47
BRDA:29,3,0,0
BRDA:39,4,0,47
BRDA:40,5,0,141
BRDA:45,6,0,107
BRDA:50,7,0,60
BRDA:56,8,0,107
BRDA:59,9,0,80
BRDA:60,10,0,0
BRDA:68,11,0,0
BRDA:72,12,0,0
BRDA:84,13,0,107
BRDA:85,14,0,0
BRDA:87,15,0,0
BRDA:104,16,0,53
BRDA:108,17,0,14
BRDA:122,18,0,3
BRDA:129,19,0,0
BRDA:136,20,0,29
BRDA:140,21,0,61
BRDA:147,22,0,15
BRDA:148,23,0,1
BRDA:151,24,0,10
BRDA:157,25,0,5
BRDA:171,26,0,135
BRDA:177,27,0,24
BRDA:179,28,0,23
BRDA:179,29,0,15
BRDA:180,30,0,9
BRDA:183,31,0,0
BRDA:188,32,0,4
BRDA:194,33,0,17
BRDA:196,34,0,16
BRDA:197,35,0,1
BRDA:200,36,0,366
BRDA:204,37,0,10
BRDA:211,38,0,2
BRDA:214,39,0,0
BRDA:227,40,0,26
BRDA:240,41,0,584
BRDA:241,42,0,0
BRDA:242,43,0,574
BRDA:320,44,0,14
BRDA:376,45,0,26
BRDA:378,46,0,12
BRDA:398,47,0,0
BRDA:321,48,0,26
BRDA:334,49,0,0
BRDA:334,50,0,7
BRDA:355,51,0,12
BRF:52
BRH:40
end_of_record
TN:
SF:src\server\storage\object-storage.ts
FN:1,__name
FN:15,isObjectStorageConfigured
FN:24,getEndpoint
FN:32,getClient
FN:48,getContentType
FN:71,buildPublicUrl
FN:77,buildNodeImageObjectKey
FN:87,uploadFile
FN:107,resolveObjectUrl
FNF:9
FNH:1
FNDA:24,__name
FNDA:0,isObjectStorageConfigured
FNDA:0,getEndpoint
FNDA:0,getClient
FNDA:0,getContentType
FNDA:0,buildPublicUrl
FNDA:0,buildNodeImageObjectKey
FNDA:0,uploadFile
FNDA:0,resolveObjectUrl
DA:1,1
DA:2,1
DA:3,1
DA:4,1
DA:5,1
DA:6,1
DA:7,1
DA:8,1
DA:9,1
DA:10,1
DA:11,1
DA:12,1
DA:13,1
DA:14,1
DA:15,1
DA:16,0
DA:17,0
DA:18,0
DA:19,0
DA:20,0
DA:21,0
DA:22,0
DA:23,1
DA:24,0
DA:25,0
DA:26,0
DA:27,0
DA:28,0
DA:29,0
DA:30,0
DA:31,1
DA:32,0
DA:33,0
DA:34,0
DA:35,0
DA:36,0
DA:37,0
DA:38,0
DA:39,0
DA:40,0
DA:41,0
DA:42,0
DA:43,0
DA:44,0
DA:45,0
DA:46,0
DA:47,1
DA:48,1
DA:49,0
DA:50,0
DA:51,0
DA:52,0
DA:53,0
DA:54,0
DA:55,0
DA:56,0
DA:57,0
DA:58,0
DA:59,0
DA:60,0
DA:61,0
DA:62,0
DA:63,0
DA:64,0
DA:65,0
DA:66,0
DA:67,0
DA:68,0
DA:69,0
DA:70,1
DA:71,0
DA:72,0
DA:73,0
DA:74,0
DA:75,0
DA:76,1
DA:77,1
DA:78,0
DA:79,0
DA:80,0
DA:81,0
DA:82,0
DA:83,0
DA:84,0
DA:85,0
DA:86,1
DA:87,0
DA:88,0
DA:89,0
DA:90,0
DA:91,0
DA:92,0
DA:93,0
DA:94,0
DA:95,0
DA:96,0
DA:97,0
DA:98,0
DA:99,0
DA:100,0
DA:101,0
DA:102,0
DA:103,0
DA:104,0
DA:105,0
DA:106,1
DA:107,0
DA:108,0
DA:109,0
DA:110,0
DA:111,0
DA:112,0
DA:113,0
DA:114,0
DA:115,0
DA:116,0
DA:117,0
DA:118,0
DA:119,0
DA:120,0
DA:121,0
DA:122,0
DA:123,0
DA:124,0
LF:124
LH:24
BRDA:1,0,0,24
BRF:1
BRH:1
end_of_record
TN:
SF:src\shared\panorama-types.ts
FN:173,__name
FN:173,isHtmlGroup
FN:177,isPanoramaGroup
FNF:3
FNH:1
FNDA:6,__name
FNDA:0,isHtmlGroup
FNDA:0,isPanoramaGroup
DA:1,1
DA:2,1
DA:3,1
DA:4,1
DA:5,1
DA:6,1
DA:7,1
DA:8,1
DA:9,1
DA:10,1
DA:11,1
DA:12,1
DA:13,1
DA:14,1
DA:15,1
DA:16,1
DA:17,1
DA:18,1
DA:19,1
DA:20,1
DA:21,1
DA:22,1
DA:23,1
DA:24,1
DA:25,1
DA:26,1
DA:27,1
DA:28,1
DA:29,1
DA:30,1
DA:31,1
DA:32,1
DA:33,1
DA:34,1
DA:35,1
DA:36,1
DA:37,1
DA:38,1
DA:39,1
DA:40,1
DA:41,1
DA:42,1
DA:43,1
DA:44,1
DA:45,1
DA:46,1
DA:47,1
DA:48,1
DA:49,1
DA:50,1
DA:51,1
DA:52,1
DA:53,1
DA:54,1
DA:55,1
DA:56,1
DA:57,1
DA:58,1
DA:59,1
DA:60,1
DA:61,1
DA:62,1
DA:63,1
DA:64,1
DA:65,1
DA:66,1
DA:67,1
DA:68,1
DA:69,1
DA:70,1
DA:71,1
DA:72,1
DA:73,1
DA:74,1
DA:75,1
DA:76,1
DA:77,1
DA:78,1
DA:79,1
DA:80,1
DA:81,1
DA:82,1
DA:83,1
DA:84,1
DA:85,1
DA:86,1
DA:87,1
DA:88,1
DA:89,1
DA:90,1
DA:91,1
DA:92,1
DA:93,1
DA:94,1
DA:95,1
DA:96,1
DA:97,1
DA:98,1
DA:99,1
DA:100,1
DA:101,1
DA:102,1
DA:103,1
DA:104,1
DA:105,1
DA:106,1
DA:107,1
DA:108,1
DA:109,1
DA:110,1
DA:111,1
DA:112,1
DA:113,1
DA:114,1
DA:115,1
DA:116,1
DA:117,1
DA:118,1
DA:119,1
DA:120,1
DA:121,1
DA:122,1
DA:123,1
DA:124,1
DA:125,1
DA:126,1
DA:127,1
DA:128,1
DA:129,1
DA:130,1
DA:131,1
DA:132,1
DA:133,1
DA:134,1
DA:135,1
DA:136,1
DA:137,1
DA:138,1
DA:139,1
DA:140,1
DA:141,1
DA:142,1
DA:143,1
DA:144,1
DA:145,1
DA:146,1
DA:147,1
DA:148,1
DA:149,1
DA:150,1
DA:151,1
DA:152,1
DA:153,1
DA:154,1
DA:155,1
DA:156,1
DA:157,1
DA:158,1
DA:159,1
DA:160,1
DA:161,1
DA:162,1
DA:163,1
DA:164,1
DA:165,1
DA:166,1
DA:167,1
DA:168,1
DA:169,1
DA:170,1
DA:171,1
DA:172,1
DA:173,1
DA:174,0
DA:175,0
DA:176,1
DA:177,1
DA:178,0
DA:179,0
LF:179
LH:175
BRDA:173,0,0,6
BRF:1
BRH:1
end_of_record
TN:
SF:src\shared\panorama-validators.ts
FN:20,__name
FN:28,validateNormalizedNumber
FN:34,validateNonEmptyString
FN:40,validateHtmlAsset
FN:49,validateHtmlMessage
FN:60,validateHtmlBridge
FN:73,validateViewport
FN:85,validateOptionalViewport
FN:90,validateMarker
FN:102,validateFocusRect
FN:122,validateConnectorTarget
FN:139,validateMetadata
FN:149,validatePanoramaItem
FN:178,validatePanoramaGroup
FN:223,validatePanoramaSection
FN:250,validatePanoramaHtmlProduct
FN:282,validatePanoramaEditorDocument
FNF:17
FNH:1
FNDA:48,__name
FNDA:0,validateNormalizedNumber
FNDA:0,validateNonEmptyString
FNDA:0,validateHtmlAsset
FNDA:0,validateHtmlMessage
FNDA:0,validateHtmlBridge
FNDA:0,validateViewport
FNDA:0,validateOptionalViewport
FNDA:0,validateMarker
FNDA:0,validateFocusRect
FNDA:0,validateConnectorTarget
FNDA:0,validateMetadata
FNDA:0,validatePanoramaItem
FNDA:0,validatePanoramaGroup
FNDA:0,validatePanoramaSection
FNDA:0,validatePanoramaHtmlProduct
FNDA:0,validatePanoramaEditorDocument
DA:1,1
DA:2,1
DA:3,1
DA:4,1
DA:5,1
DA:6,1
DA:7,1
DA:8,1
DA:9,1
DA:10,1
DA:11,1
DA:12,1
DA:13,1
DA:14,1
DA:15,1
DA:16,1
DA:17,1
DA:18,1
DA:19,1
DA:20,1
DA:21,1
DA:22,1
DA:23,1
DA:24,1
DA:25,1
DA:26,1
DA:27,1
DA:28,0
DA:29,0
DA:30,0
DA:31,0
DA:32,0
DA:33,1
DA:34,0
DA:35,0
DA:36,0
DA:37,0
DA:38,0
DA:39,1
DA:40,0
DA:41,0
DA:42,0
DA:43,0
DA:44,0
DA:45,0
DA:46,0
DA:47,0
DA:48,1
DA:49,0
DA:50,0
DA:51,0
DA:52,0
DA:53,0
DA:54,0
DA:55,0
DA:56,0
DA:57,0
DA:58,0
DA:59,1
DA:60,0
DA:61,0
DA:62,0
DA:63,0
DA:64,0
DA:65,0
DA:66,0
DA:67,0
DA:68,0
DA:69,0
DA:70,0
DA:71,0
DA:72,1
DA:73,0
DA:74,0
DA:75,0
DA:76,0
DA:77,0
DA:78,0
DA:79,0
DA:80,0
DA:81,0
DA:82,0
DA:83,0
DA:84,1
DA:85,0
DA:86,0
DA:87,0
DA:88,0
DA:89,1
DA:90,0
DA:91,0
DA:92,0
DA:93,0
DA:94,0
DA:95,0
DA:96,0
DA:97,0
DA:98,0
DA:99,0
DA:100,0
DA:101,1
DA:102,0
DA:103,0
DA:104,0
DA:105,0
DA:106,0
DA:107,0
DA:108,0
DA:109,0
DA:110,0
DA:111,0
DA:112,0
DA:113,0
DA:114,0
DA:115,0
DA:116,0
DA:117,0
DA:118,0
DA:119,0
DA:120,0
DA:121,1
DA:122,0
DA:123,0
DA:124,0
DA:125,0
DA:126,0
DA:127,0
DA:128,0
DA:129,0
DA:130,0
DA:131,0
DA:132,0
DA:133,0
DA:134,0
DA:135,0
DA:136,0
DA:137,0
DA:138,1
DA:139,0
DA:140,0
DA:141,0
DA:142,0
DA:143,0
DA:144,0
DA:145,0
DA:146,0
DA:147,0
DA:148,1
DA:149,0
DA:150,0
DA:151,0
DA:152,0
DA:153,0
DA:154,0
DA:155,0
DA:156,0
DA:157,0
DA:158,0
DA:159,0
DA:160,0
DA:161,0
DA:162,0
DA:163,0
DA:164,0
DA:165,0
DA:166,0
DA:167,0
DA:168,0
DA:169,0
DA:170,0
DA:171,0
DA:172,0
DA:173,0
DA:174,0
DA:175,0
DA:176,0
DA:177,1
DA:178,0
DA:179,0
DA:180,0
DA:181,0
DA:182,0
DA:183,0
DA:184,0
DA:185,0
DA:186,0
DA:187,0
DA:188,0
DA:189,0
DA:190,0
DA:191,0
DA:192,0
DA:193,0
DA:194,0
DA:195,0
DA:196,0
DA:197,0
DA:198,0
DA:199,0
DA:200,0
DA:201,0
DA:202,0
DA:203,0
DA:204,0
DA:205,0
DA:206,0
DA:207,0
DA:208,0
DA:209,0
DA:210,0
DA:211,0
DA:212,0
DA:213,0
DA:214,0
DA:215,0
DA:216,0
DA:217,0
DA:218,0
DA:219,0
DA:220,0
DA:221,0
DA:222,1
DA:223,0
DA:224,0
DA:225,0
DA:226,0
DA:227,0
DA:228,0
DA:229,0
DA:230,0
DA:231,0
DA:232,0
DA:233,0
DA:234,0
DA:235,0
DA:236,0
DA:237,0
DA:238,0
DA:239,0
DA:240,0
DA:241,0
DA:242,0
DA:243,0
DA:244,0
DA:245,0
DA:246,0
DA:247,0
DA:248,0
DA:249,1
DA:250,1
DA:251,0
DA:252,0
DA:253,0
DA:254,0
DA:255,0
DA:256,0
DA:257,0
DA:258,0
DA:259,0
DA:260,0
DA:261,0
DA:262,0
DA:263,0
DA:264,0
DA:265,0
DA:266,0
DA:267,0
DA:268,0
DA:269,0
DA:270,0
DA:271,0
DA:272,0
DA:273,0
DA:274,0
DA:275,0
DA:276,0
DA:277,0
DA:278,0
DA:279,0
DA:280,0
DA:281,1
DA:282,1
DA:283,0
DA:284,0
DA:285,0
DA:286,0
DA:287,0
DA:288,0
DA:289,0
DA:290,0
DA:291,0
DA:292,0
DA:293,0
DA:294,0
DA:295,0
DA:296,0
DA:297,0
DA:298,0
DA:299,0
DA:300,0
DA:301,0
DA:302,0
DA:303,0
DA:304,0
DA:305,0
LF:305
LH:44
BRDA:20,0,0,48
BRF:1
BRH:1
end_of_record
TN:
SF:src\shared\utils.ts
FN:5,__name
FN:19,isPackageResolution
FN:24,getResolutionDimensions
FN:28,getResolutionAspectRatio
FN:33,getResolutionAspectRatioCss
FN:41,generateGenerateId
FN:48,generateBuildId
FN:55,generateId
FN:62,toPackageListItem
FN:77,nowISO
FN:84,getRootNode
FNF:11
FNH:5
FNDA:60,__name
FNDA:14,isPackageResolution
FNDA:44,getResolutionDimensions
FNDA:0,getResolutionAspectRatio
FNDA:0,getResolutionAspectRatioCss
FNDA:5,generateGenerateId
FNDA:0,generateBuildId
FNDA:0,generateId
FNDA:0,toPackageListItem
FNDA:163,nowISO
FNDA:0,getRootNode
DA:1,1
DA:2,1
DA:3,1
DA:4,1
DA:5,1
DA:6,1
DA:7,1
DA:8,1
DA:9,1
DA:10,1
DA:11,1
DA:12,1
DA:13,1
DA:14,1
DA:15,1
DA:16,1
DA:17,1
DA:18,1
DA:19,1
DA:20,14
DA:21,14
DA:22,1
DA:23,1
DA:24,1
DA:25,44
DA:26,44
DA:27,1
DA:28,1
DA:29,0
DA:30,0
DA:31,0
DA:32,1
DA:33,1
DA:34,0
DA:35,0
DA:36,0
DA:37,1
DA:38,1
DA:39,1
DA:40,1
DA:41,1
DA:42,5
DA:43,5
DA:44,1
DA:45,1
DA:46,1
DA:47,1
DA:48,1
DA:49,0
DA:50,0
DA:51,1
DA:52,1
DA:53,1
DA:54,1
DA:55,1
DA:56,0
DA:57,0
DA:58,1
DA:59,1
DA:60,1
DA:61,1
DA:62,1
DA:63,0
DA:64,0
DA:65,0
DA:66,0
DA:67,0
DA:68,0
DA:69,0
DA:70,0
DA:71,0
DA:72,0
DA:73,1
DA:74,1
DA:75,1
DA:76,1
DA:77,1
DA:78,163
DA:79,163
DA:80,1
DA:81,1
DA:82,1
DA:83,1
DA:84,1
DA:85,0
DA:86,0
LF:86
LH:64
BRDA:5,0,0,60
BRDA:19,1,0,14
BRDA:24,2,0,44
BRDA:41,3,0,5
BRDA:77,4,0,163
BRF:5
BRH:5
end_of_record
TN:
SF:src\shared\validators.ts
FN:19,__name
FN:27,validateNormalizedPoint
FN:46,validateBuiltinTransitionConfig
FN:94,validateCameraState
FN:116,validateSurfaceCard
FN:139,validateSurfaceHotspot
FN:177,validateSurfaceLayers
FN:234,validateSurfaceConfig
FN:264,validateRuntimeConfig
FN:280,validateKnowledgePackage
FN:353,validateNode
FN:434,validateEdge
FN:465,validatePublishManifest
FNF:13
FNH:13
FNDA:72,__name
FNDA:5,validateNormalizedPoint
FNDA:20,validateBuiltinTransitionConfig
FNDA:4,validateCameraState
FNDA:2,validateSurfaceCard
FNDA:2,validateSurfaceHotspot
FNDA:2,validateSurfaceLayers
FNDA:2,validateSurfaceConfig
FNDA:27,validateRuntimeConfig
FNDA:14,validateKnowledgePackage
FNDA:23,validateNode
FNDA:11,validateEdge
FNDA:13,validatePublishManifest
DA:1,1
DA:2,1
DA:3,1
DA:4,1
DA:5,1
DA:6,1
DA:7,1
DA:8,1
DA:9,1
DA:10,1
DA:11,1
DA:12,1
DA:13,1
DA:14,1
DA:15,1
DA:16,1
DA:17,1
DA:18,1
DA:19,1
DA:20,1
DA:21,1
DA:22,1
DA:23,1
DA:24,1
DA:25,1
DA:26,1
DA:27,5
DA:28,5
DA:29,5
DA:30,5
DA:31,5
DA:32,5
DA:33,0
DA:34,0
DA:35,0
DA:36,5
DA:37,5
DA:38,5
DA:39,0
DA:40,0
DA:41,5
DA:42,0
DA:43,0
DA:44,5
DA:45,1
DA:46,20
DA:47,20
DA:48,20
DA:49,20
DA:50,20
DA:51,20
DA:52,20
DA:53,20
DA:54,4
DA:55,4
DA:56,4
DA:57,4
DA:58,4
DA:59,4
DA:60,4
DA:61,4
DA:62,4
DA:63,8
DA:64,20
DA:65,0
DA:66,0
DA:67,20
DA:68,0
DA:69,0
DA:70,20
DA:71,0
DA:72,0
DA:73,1
DA:74,1
DA:75,1
DA:76,1
DA:77,0
DA:78,20
DA:79,0
DA:80,0
DA:81,1
DA:82,1
DA:83,0
DA:84,0
DA:85,0
DA:86,0
DA:87,0
DA:88,0
DA:89,0
DA:90,0
DA:91,0
DA:92,20
DA:93,1
DA:94,4
DA:95,4
DA:96,4
DA:97,4
DA:98,4
DA:99,4
DA:100,0
DA:101,0
DA:102,0
DA:103,4
DA:104,4
DA:105,4
DA:106,0
DA:107,0
DA:108,4
DA:109,0
DA:110,0
DA:111,4
DA:112,0
DA:113,0
DA:114,4
DA:115,1
DA:116,2
DA:117,2
DA:118,0
DA:119,0
DA:120,0
DA:121,2
DA:122,0
DA:123,0
DA:124,2
DA:125,0
DA:126,0
DA:127,2
DA:128,2
DA:129,0
DA:130,0
DA:131,2
DA:132,1
DA:133,0
DA:134,0
DA:135,1
DA:136,1
DA:137,2
DA:138,1
DA:139,2
DA:140,2
DA:141,0
DA:142,0
DA:143,0
DA:144,2
DA:145,0
DA:146,0
DA:147,2
DA:148,0
DA:149,0
DA:150,2
DA:151,2
DA:152,0
DA:153,0
DA:154,2
DA:155,0
DA:156,0
DA:157,0
DA:158,2
DA:159,0
DA:160,0
DA:161,0
DA:162,2
DA:163,0
DA:164,0
DA:165,0
DA:166,0
DA:167,0
DA:168,2
DA:169,2
DA:170,0
DA:171,0
DA:172,2
DA:173,2
DA:174,2
DA:175,2
DA:176,1
DA:177,2
DA:178,2
DA:179,2
DA:180,2
DA:181,2
DA:182,2
DA:183,2
DA:184,0
DA:185,0
DA:186,0
DA:187,2
DA:188,2
DA:189,2
DA:190,0
DA:191,0
DA:192,2
DA:193,0
DA:194,0
DA:195,2
DA:196,2
DA:197,2
DA:198,2
DA:199,2
DA:200,0
DA:201,0
DA:202,2
DA:203,2
DA:204,2
DA:205,2
DA:206,0
DA:207,0
DA:208,2
DA:209,2
DA:210,2
DA:211,2
DA:212,0
DA:213,0
DA:214,2
DA:215,2
DA:216,2
DA:217,2
DA:218,0
DA:219,2
DA:220,2
DA:221,2
DA:222,2
DA:223,2
DA:224,2
DA:225,0
DA:226,2
DA:227,2
DA:228,2
DA:229,2
DA:230,2
DA:231,2
DA:232,2
DA:233,1
DA:234,2
DA:235,2
DA:236,2
DA:237,2
DA:238,2
DA:239,2
DA:240,0
DA:241,0
DA:242,0
DA:243,2
DA:244,0
DA:245,0
DA:246,2
DA:247,0
DA:248,0
DA:249,2
DA:250,2
DA:251,2
DA:252,2
DA:253,2
DA:254,2
DA:255,0
DA:256,2
DA:257,0
DA:258,0
DA:259,2
DA:260,0
DA:261,0
DA:262,2
DA:263,1
DA:264,27
DA:265,27
DA:266,27
DA:267,27
DA:268,27
DA:269,27
DA:270,27
DA:271,27
DA:272,0
DA:273,0
DA:274,0
DA:275,0
DA:276,27
DA:277,1
DA:278,1
DA:279,1
DA:280,1
DA:281,14
DA:282,14
DA:283,14
DA:284,14
DA:285,14
DA:286,0
DA:287,0
DA:288,14
DA:289,0
DA:290,0
DA:291,14
DA:292,0
DA:293,0
DA:294,14
DA:295,0
DA:296,0
DA:297,14
DA:298,14
DA:299,14
DA:300,14
DA:301,0
DA:302,14
DA:303,14
DA:304,14
DA:305,14
DA:306,1
DA:307,1
DA:308,14
DA:309,14
DA:310,23
DA:311,23
DA:312,14
DA:313,14
DA:314,14
DA:315,14
DA:316,14
DA:317,14
DA:318,14
DA:319,14
DA:320,11
DA:321,11
DA:322,14
DA:323,14
DA:324,14
DA:325,23
DA:326,23
DA:327,7
DA:328,0
DA:329,0
DA:330,7
DA:331,7
DA:332,1
DA:333,1
DA:334,7
DA:335,23
DA:336,23
DA:337,23
DA:338,0
DA:339,0
DA:340,0
DA:341,0
DA:342,0
DA:343,0
DA:344,0
DA:345,23
DA:346,14
DA:347,0
DA:348,0
DA:349,14
DA:350,14
DA:351,14
DA:352,1
DA:353,23
DA:354,23
DA:355,23
DA:356,23
DA:357,23
DA:358,23
DA:359,23
DA:360,0
DA:361,0
DA:362,0
DA:363,23
DA:364,0
DA:365,0
DA:366,23
DA:367,23
DA:368,23
DA:369,0
DA:370,0
DA:371,23
DA:372,23
DA:373,23
DA:374,23
DA:375,23
DA:376,0
DA:377,0
DA:378,23
DA:379,23
DA:380,23
DA:381,0
DA:382,0
DA:383,0
DA:384,23
DA:385,0
DA:386,0
DA:387,23
DA:388,23
DA:389,1
DA:390,1
DA:391,23
DA:392,23
DA:393,23
DA:394,0
DA:395,0
DA:396,23
DA:397,0
DA:398,0
DA:399,23
DA:400,0
DA:401,0
DA:402,23
DA:403,0
DA:404,0
DA:405,23
DA:406,0
DA:407,0
DA:408,0
DA:409,0
DA:410,23
DA:411,0
DA:412,0
DA:413,0
DA:414,0
DA:415,23
DA:416,23
DA:417,23
DA:418,23
DA:419,7
DA:420,0
DA:421,0
DA:422,7
DA:423,0
DA:424,0
DA:425,7
DA:426,23
DA:427,23
DA:428,23
DA:429,23
DA:430,0
DA:431,0
DA:432,23
DA:433,1
DA:434,11
DA:435,11
DA:436,11
DA:437,11
DA:438,11
DA:439,11
DA:440,11
DA:441,11
DA:442,0
DA:443,0
DA:444,0
DA:445,11
DA:446,0
DA:447,0
DA:448,11
DA:449,11
DA:450,11
DA:451,1
DA:452,1
DA:453,11
DA:454,0
DA:455,0
DA:456,11
DA:457,1
DA:458,1
DA:459,11
DA:460,11
DA:461,11
DA:462,1
DA:463,1
DA:464,1
DA:465,1
DA:466,13
DA:467,13
DA:468,13
DA:469,13
DA:470,13
DA:471,13
DA:472,13
DA:473,13
DA:474,13
DA:475,13
DA:476,13
DA:477,1
DA:478,1
DA:479,13
DA:480,13
DA:481,13
DA:482,13
DA:483,13
DA:484,20
DA:485,0
DA:486,0
DA:487,20
DA:488,13
DA:489,20
DA:490,0
DA:491,0
DA:492,20
DA:493,13
DA:494,13
DA:495,13
DA:496,13
DA:497,13
DA:498,9
DA:499,0
DA:500,0
DA:501,9
DA:502,13
DA:503,9
DA:504,0
DA:505,0
DA:506,9
DA:507,13
DA:508,13
DA:509,9
DA:510,9
DA:511,13
DA:512,13
DA:513,13
DA:514,20
DA:515,20
DA:516,20
DA:517,1
DA:518,1
DA:519,20
DA:520,2
DA:521,2
DA:522,2
DA:523,20
DA:524,1
DA:525,1
DA:526,20
DA:527,20
DA:528,0
DA:529,0
DA:530,0
DA:531,0
DA:532,0
DA:533,0
DA:534,20
DA:535,20
DA:536,0
DA:537,0
DA:538,20
DA:539,7
DA:540,6
DA:541,6
DA:542,7
DA:543,5
DA:544,5
DA:545,7
DA:546,2
DA:547,2
DA:548,7
DA:549,0
DA:550,0
DA:551,7
DA:552,20
DA:553,13
DA:554,13
DA:555,13
DA:556,1
DA:557,1
DA:558,1
DA:559,1
DA:560,1
DA:561,1
LF:561
LH:382
BRDA:19,0,0,72
BRDA:27,1,0,5
BRDA:32,2,0,0
BRDA:38,3,0,0
BRDA:41,4,0,0
BRDA:46,5,0,20
BRDA:51,6,0,4
BRDA:51,7,0,16
BRDA:53,8,0,8
BRDA:53,9,0,4
BRDA:62,10,0,3
BRDA:64,11,0,1
BRDA:64,12,0,0
BRDA:64,13,0,1
BRDA:64,14,0,0
BRDA:67,15,0,1
BRDA:67,16,0,0
BRDA:70,17,0,1
BRDA:70,18,0,0
BRDA:76,19,0,0
BRDA:78,20,0,1
BRDA:78,21,0,0
BRDA:82,22,0,0
BRDA:94,23,0,4
BRDA:99,24,0,0
BRDA:105,25,0,0
BRDA:108,26,0,0
BRDA:111,27,0,0
BRDA:116,28,0,2
BRDA:117,29,0,0
BRDA:121,30,0,0
BRDA:124,31,0,0
BRDA:128,32,0,0
BRDA:131,33,0,1
BRDA:132,34,0,0
BRDA:139,35,0,2
BRDA:140,36,0,0
BRDA:144,37,0,0
BRDA:147,38,0,0
BRDA:151,39,0,0
BRDA:154,40,0,0
BRDA:158,41,0,0
BRDA:162,42,0,0
BRDA:169,43,0,0
BRDA:174,44,0,0
BRDA:177,45,0,2
BRDA:182,46,0,0
BRDA:183,47,0,0
BRDA:189,48,0,0
BRDA:192,49,0,0
BRDA:199,50,0,0
BRDA:205,51,0,0
BRDA:211,52,0,0
BRDA:217,53,0,0
BRDA:224,54,0,0
BRDA:220,55,0,2
BRDA:227,56,0,2
BRDA:234,57,0,2
BRDA:239,58,0,0
BRDA:243,59,0,0
BRDA:246,60,0,0
BRDA:254,61,0,0
BRDA:256,62,0,0
BRDA:259,63,0,0
BRDA:264,64,0,27
BRDA:269,65,0,0
BRDA:271,66,0,0
BRDA:280,67,0,14
BRDA:285,68,0,0
BRDA:288,69,0,0
BRDA:291,70,0,0
BRDA:294,71,0,0
BRDA:300,72,0,0
BRDA:305,73,0,1
BRDA:309,74,0,23
BRDA:317,75,0,0
BRDA:319,76,0,11
BRDA:324,77,0,0
BRDA:324,78,0,23
BRDA:326,79,0,7
BRDA:327,80,0,0
BRDA:331,81,0,1
BRDA:337,82,0,0
BRDA:346,83,0,0
BRDA:304,84,0,14
BRDA:317,85,0,23
BRDA:330,86,0,7
BRDA:353,87,0,23
BRDA:359,88,0,0
BRDA:363,89,0,0
BRDA:368,90,0,0
BRDA:373,91,0,0
BRDA:375,92,0,0
BRDA:380,93,0,0
BRDA:384,94,0,0
BRDA:388,95,0,22
BRDA:388,96,0,1
BRDA:393,97,0,0
BRDA:393,98,0,0
BRDA:396,99,0,0
BRDA:396,100,0,0
BRDA:399,101,0,0
BRDA:399,102,0,0
BRDA:402,103,0,0
BRDA:402,104,0,0
BRDA:405,105,0,0
BRDA:410,106,0,0
BRDA:418,107,0,7
BRDA:419,108,0,0
BRDA:422,109,0,0
BRDA:429,110,0,0
BRDA:429,111,0,0
BRDA:434,112,0,11
BRDA:441,113,0,0
BRDA:445,114,0,0
BRDA:450,115,0,1
BRDA:453,116,0,0
BRDA:456,117,0,1
BRDA:465,118,0,13
BRDA:469,119,0,0
BRDA:470,120,0,0
BRDA:471,121,0,0
BRDA:472,122,0,0
BRDA:476,123,0,1
BRDA:483,124,0,20
BRDA:484,125,0,0
BRDA:488,126,0,20
BRDA:489,127,0,0
BRDA:497,128,0,9
BRDA:498,129,0,0
BRDA:502,130,0,9
BRDA:503,131,0,0
BRDA:508,132,0,9
BRDA:513,133,0,20
BRDA:514,134,0,0
BRDA:516,135,0,2
BRDA:516,136,0,1
BRDA:519,137,0,2
BRDA:523,138,0,16
BRDA:523,139,0,1
BRDA:527,140,0,0
BRDA:535,141,0,0
BRDA:535,142,0,0
BRDA:538,143,0,7
BRDA:539,144,0,2
BRDA:539,145,0,6
BRDA:542,146,0,2
BRDA:542,147,0,5
BRDA:545,148,0,2
BRDA:548,149,0,0
BRDA:481,150,0,20
BRDA:495,151,0,9
BRF:152
BRH:60
end_of_record
